Copyright 1986-2018 Xilinx, Inc. All Rights Reserved.
-------------------------------------------------------------------------------------------------
| Tool Version : Vivado v.2018.3 (lin64) Build 2405991 Thu Dec  6 23:36:41 MST 2018
| Date         : Sat Jan  7 09:38:20 2023
| Host         : riolet running 64-bit Ubuntu 20.04.4 LTS
| Command      : report_utilization -hierarchical -file kc705_utilization_hierarchical_synth.rpt
| Design       : kc705
| Device       : 7k325tffg900-2
| Design State : Synthesized
-------------------------------------------------------------------------------------------------

Utilization Design Information

Table of Contents
-----------------
1. Utilization by Hierarchy

1. Utilization by Hierarchy
---------------------------

+------------------------------------------------------------------------------------+------------------------------------------------------------------------------+------------+------------+---------+------+-------+--------+--------+--------------+
|                                      Instance                                      |                                    Module                                    | Total LUTs | Logic LUTs | LUTRAMs | SRLs |  FFs  | RAMB36 | RAMB18 | DSP48 Blocks |
+------------------------------------------------------------------------------------+------------------------------------------------------------------------------+------------+------------+---------+------+-------+--------+--------+--------------+
| kc705                                                                              |                                                                        (top) |      59088 |      54070 |    5016 |    2 | 49757 |    410 |     70 |            8 |
|   (kc705)                                                                          |                                                                        (top) |      11279 |       7041 |    4236 |    2 |  7965 |    402 |      7 |            0 |
|   SNN_3x2                                                                          |                                                                      SNN_3x2 |      37936 |      37444 |     492 |    0 | 33874 |      0 |     55 |            0 |
|     RANCNetworkGrid_3x2_ins                                                        |                                                          RANCNetworkGrid_3x2 |      37505 |      37173 |     332 |    0 | 32204 |      0 |     55 |            0 |
|       (RANCNetworkGrid_3x2_ins)                                                    |                                                          RANCNetworkGrid_3x2 |          0 |          0 |       0 |    0 |  1886 |      0 |      0 |            0 |
|       gencore[0].Core                                                              |                                                                     Core_3x2 |       7282 |       7266 |      16 |    0 |  5879 |      0 |     11 |            0 |
|         Router                                                                     |                                                                   Router_139 |       1686 |       1686 |       0 |    0 |  1323 |      0 |      0 |            0 |
|           forward_east                                                             |                                                          ForwardEastWest_146 |        170 |        170 |       0 |    0 |   414 |      0 |      0 |            0 |
|             Merge                                                                  |                                                                   Merge2_165 |         43 |         43 |       0 |    0 |    33 |      0 |      0 |            0 |
|             north_buffer                                                           |                                                   buffer__parameterized0_166 |         55 |         55 |       0 |    0 |   112 |      0 |      0 |            0 |
|             routing_buffer                                                         |                                                                   buffer_167 |         40 |         40 |       0 |    0 |   157 |      0 |      0 |            0 |
|             south_buffer                                                           |                                                   buffer__parameterized0_168 |         32 |         32 |       0 |    0 |   112 |      0 |      0 |            0 |
|           forward_north                                                            |                                                        ForwardNorthSouth_147 |         81 |         81 |       0 |    0 |   203 |      0 |      0 |            0 |
|             local_buffer                                                           |                                                   buffer__parameterized1_162 |         40 |         40 |       0 |    0 |    67 |      0 |      0 |            0 |
|             merge                                                                  |                                                                   Merge3_163 |          9 |          9 |       0 |    0 |    24 |      0 |      0 |            0 |
|             routing_buffer                                                         |                                                   buffer__parameterized0_164 |         32 |         32 |       0 |    0 |   112 |      0 |      0 |            0 |
|           forward_south                                                            |                                        ForwardNorthSouth__parameterized0_148 |         55 |         55 |       0 |    0 |    95 |      0 |      0 |            0 |
|             local_buffer                                                           |                                                   buffer__parameterized1_159 |         23 |         23 |       0 |    0 |    67 |      0 |      0 |            0 |
|             merge                                                                  |                                                                   Merge3_160 |         30 |         30 |       0 |    0 |    25 |      0 |      0 |            0 |
|             routing_buffer                                                         |                                                   buffer__parameterized0_161 |          2 |          2 |       0 |    0 |     3 |      0 |      0 |            0 |
|           forward_west                                                             |                                          ForwardEastWest__parameterized0_149 |        105 |        105 |       0 |    0 |   260 |      0 |      0 |            0 |
|             Merge                                                                  |                                                                   Merge2_155 |         37 |         37 |       0 |    0 |    33 |      0 |      0 |            0 |
|             north_buffer                                                           |                                                   buffer__parameterized0_156 |         33 |         33 |       0 |    0 |   112 |      0 |      0 |            0 |
|             routing_buffer                                                         |                                                                   buffer_157 |          3 |          3 |       0 |    0 |     3 |      0 |      0 |            0 |
|             south_buffer                                                           |                                                   buffer__parameterized0_158 |         32 |         32 |       0 |    0 |   112 |      0 |      0 |            0 |
|           from_local                                                               |                                                                FromLocal_150 |         87 |         87 |       0 |    0 |   314 |      0 |      0 |            0 |
|             buffer_east                                                            |                                                                   buffer_153 |         44 |         44 |       0 |    0 |   157 |      0 |      0 |            0 |
|             buffer_west                                                            |                                                                   buffer_154 |         43 |         43 |       0 |    0 |   157 |      0 |      0 |            0 |
|           local_in                                                                 |                                                                  LocalIn_151 |       1188 |       1188 |       0 |    0 |    37 |      0 |      0 |            0 |
|             Merge                                                                  |                                                   Merge2__parameterized0_152 |       1188 |       1188 |       0 |    0 |    37 |      0 |      0 |            0 |
|         Scheduler                                                                  |                                                                Scheduler_140 |       5104 |       5104 |       0 |    0 |  4128 |      0 |      0 |            0 |
|           SRAM                                                                     |                                                            SchedulerSRAM_144 |       1024 |       1024 |       0 |    0 |  4096 |      0 |      0 |            0 |
|           counter                                                                  |                                                                  Counter_145 |       4080 |       4080 |       0 |    0 |    32 |      0 |      0 |            0 |
|         neuron_grid                                                                |                                                              neuron_grid_3x2 |        492 |        476 |      16 |    0 |   428 |      0 |     11 |            0 |
|           controller                                                               |                                                   neuron_grid_controller_141 |         50 |         50 |       0 |    0 |     3 |      0 |      0 |            0 |
|           datapath                                                                 |                                                     neuron_grid_datapath_3x2 |        442 |        426 |      16 |    0 |   425 |      0 |     11 |            0 |
|             (datapath)                                                             |                                                     neuron_grid_datapath_3x2 |         37 |         21 |      16 |    0 |   416 |      0 |      0 |            0 |
|             CSRAM_inst                                                             |                                                                    CSRAM_142 |        374 |        374 |       0 |    0 |     0 |      0 |     11 |            0 |
|             neuron_block                                                           |                                                             neuron_block_143 |         37 |         37 |       0 |    0 |     9 |      0 |      0 |            0 |
|       gencore[1].Core                                                              |                                                     Core_3x2__parameterized0 |       7322 |       7306 |      16 |    0 |  6033 |      0 |     11 |            0 |
|         Router                                                                     |                                                                   Router_109 |       1726 |       1726 |       0 |    0 |  1477 |      0 |      0 |            0 |
|           forward_east                                                             |                                                          ForwardEastWest_116 |        169 |        169 |       0 |    0 |   414 |      0 |      0 |            0 |
|             Merge                                                                  |                                                                   Merge2_135 |         43 |         43 |       0 |    0 |    33 |      0 |      0 |            0 |
|             north_buffer                                                           |                                                   buffer__parameterized0_136 |         54 |         54 |       0 |    0 |   112 |      0 |      0 |            0 |
|             routing_buffer                                                         |                                                                   buffer_137 |         41 |         41 |       0 |    0 |   157 |      0 |      0 |            0 |
|             south_buffer                                                           |                                                   buffer__parameterized0_138 |         31 |         31 |       0 |    0 |   112 |      0 |      0 |            0 |
|           forward_north                                                            |                                                        ForwardNorthSouth_117 |         79 |         79 |       0 |    0 |   203 |      0 |      0 |            0 |
|             local_buffer                                                           |                                                   buffer__parameterized1_132 |         39 |         39 |       0 |    0 |    67 |      0 |      0 |            0 |
|             merge                                                                  |                                                                   Merge3_133 |          8 |          8 |       0 |    0 |    24 |      0 |      0 |            0 |
|             routing_buffer                                                         |                                                   buffer__parameterized0_134 |         32 |         32 |       0 |    0 |   112 |      0 |      0 |            0 |
|           forward_south                                                            |                                        ForwardNorthSouth__parameterized0_118 |         55 |         55 |       0 |    0 |    95 |      0 |      0 |            0 |
|             local_buffer                                                           |                                                   buffer__parameterized1_129 |         24 |         24 |       0 |    0 |    67 |      0 |      0 |            0 |
|             merge                                                                  |                                                                   Merge3_130 |         30 |         30 |       0 |    0 |    25 |      0 |      0 |            0 |
|             routing_buffer                                                         |                                                   buffer__parameterized0_131 |          1 |          1 |       0 |    0 |     3 |      0 |      0 |            0 |
|           forward_west                                                             |                                          ForwardEastWest__parameterized0_119 |        148 |        148 |       0 |    0 |   414 |      0 |      0 |            0 |
|             Merge                                                                  |                                                                   Merge2_125 |         42 |         42 |       0 |    0 |    33 |      0 |      0 |            0 |
|             north_buffer                                                           |                                                   buffer__parameterized0_126 |         33 |         33 |       0 |    0 |   112 |      0 |      0 |            0 |
|             routing_buffer                                                         |                                                                   buffer_127 |         41 |         41 |       0 |    0 |   157 |      0 |      0 |            0 |
|             south_buffer                                                           |                                                   buffer__parameterized0_128 |         32 |         32 |       0 |    0 |   112 |      0 |      0 |            0 |
|           from_local                                                               |                                                                FromLocal_120 |         87 |         87 |       0 |    0 |   314 |      0 |      0 |            0 |
|             buffer_east                                                            |                                                                   buffer_123 |         44 |         44 |       0 |    0 |   157 |      0 |      0 |            0 |
|             buffer_west                                                            |                                                                   buffer_124 |         43 |         43 |       0 |    0 |   157 |      0 |      0 |            0 |
|           local_in                                                                 |                                                                  LocalIn_121 |       1188 |       1188 |       0 |    0 |    37 |      0 |      0 |            0 |
|             Merge                                                                  |                                                   Merge2__parameterized0_122 |       1188 |       1188 |       0 |    0 |    37 |      0 |      0 |            0 |
|         Scheduler                                                                  |                                                                Scheduler_110 |       5104 |       5104 |       0 |    0 |  4128 |      0 |      0 |            0 |
|           SRAM                                                                     |                                                            SchedulerSRAM_114 |       1024 |       1024 |       0 |    0 |  4096 |      0 |      0 |            0 |
|           counter                                                                  |                                                                  Counter_115 |       4080 |       4080 |       0 |    0 |    32 |      0 |      0 |            0 |
|         neuron_grid                                                                |                                              neuron_grid_3x2__parameterized0 |        492 |        476 |      16 |    0 |   428 |      0 |     11 |            0 |
|           controller                                                               |                                                   neuron_grid_controller_111 |         50 |         50 |       0 |    0 |     3 |      0 |      0 |            0 |
|           datapath                                                                 |                                     neuron_grid_datapath_3x2__parameterized0 |        442 |        426 |      16 |    0 |   425 |      0 |     11 |            0 |
|             (datapath)                                                             |                                     neuron_grid_datapath_3x2__parameterized0 |         37 |         21 |      16 |    0 |   416 |      0 |      0 |            0 |
|             CSRAM_inst                                                             |                                                                    CSRAM_112 |        374 |        374 |       0 |    0 |     0 |      0 |     11 |            0 |
|             neuron_block                                                           |                                                             neuron_block_113 |         37 |         37 |       0 |    0 |     9 |      0 |      0 |            0 |
|       gencore[2].Core                                                              |                                                     Core_3x2__parameterized1 |       7273 |       7257 |      16 |    0 |  5856 |      0 |     11 |            0 |
|         Router                                                                     |                                                                    Router_79 |       1676 |       1676 |       0 |    0 |  1300 |      0 |      0 |            0 |
|           forward_east                                                             |                                                           ForwardEastWest_86 |        126 |        126 |       0 |    0 |   260 |      0 |      0 |            0 |
|             Merge                                                                  |                                                                   Merge2_105 |         39 |         39 |       0 |    0 |    33 |      0 |      0 |            0 |
|             north_buffer                                                           |                                                   buffer__parameterized0_106 |         54 |         54 |       0 |    0 |   112 |      0 |      0 |            0 |
|             routing_buffer                                                         |                                                                   buffer_107 |          2 |          2 |       0 |    0 |     3 |      0 |      0 |            0 |
|             south_buffer                                                           |                                                   buffer__parameterized0_108 |         31 |         31 |       0 |    0 |   112 |      0 |      0 |            0 |
|           forward_north                                                            |                                                         ForwardNorthSouth_87 |         73 |         73 |       0 |    0 |   183 |      0 |      0 |            0 |
|             local_buffer                                                           |                                                   buffer__parameterized1_102 |         36 |         36 |       0 |    0 |    67 |      0 |      0 |            0 |
|             merge                                                                  |                                                                   Merge3_103 |          9 |          9 |       0 |    0 |    24 |      0 |      0 |            0 |
|             routing_buffer                                                         |                                                   buffer__parameterized0_104 |         28 |         28 |       0 |    0 |    92 |      0 |      0 |            0 |
|           forward_south                                                            |                                         ForwardNorthSouth__parameterized0_88 |         55 |         55 |       0 |    0 |    95 |      0 |      0 |            0 |
|             local_buffer                                                           |                                                    buffer__parameterized1_99 |         23 |         23 |       0 |    0 |    67 |      0 |      0 |            0 |
|             merge                                                                  |                                                                   Merge3_100 |         30 |         30 |       0 |    0 |    25 |      0 |      0 |            0 |
|             routing_buffer                                                         |                                                   buffer__parameterized0_101 |          2 |          2 |       0 |    0 |     3 |      0 |      0 |            0 |
|           forward_west                                                             |                                           ForwardEastWest__parameterized0_89 |        117 |        117 |       0 |    0 |   414 |      0 |      0 |            0 |
|             Merge                                                                  |                                                                    Merge2_95 |         13 |         13 |       0 |    0 |    33 |      0 |      0 |            0 |
|             north_buffer                                                           |                                                    buffer__parameterized0_96 |         32 |         32 |       0 |    0 |   112 |      0 |      0 |            0 |
|             routing_buffer                                                         |                                                                    buffer_97 |         41 |         41 |       0 |    0 |   157 |      0 |      0 |            0 |
|             south_buffer                                                           |                                                    buffer__parameterized0_98 |         31 |         31 |       0 |    0 |   112 |      0 |      0 |            0 |
|           from_local                                                               |                                                                 FromLocal_90 |        117 |        117 |       0 |    0 |   314 |      0 |      0 |            0 |
|             buffer_east                                                            |                                                                    buffer_93 |         44 |         44 |       0 |    0 |   157 |      0 |      0 |            0 |
|             buffer_west                                                            |                                                                    buffer_94 |         73 |         73 |       0 |    0 |   157 |      0 |      0 |            0 |
|           local_in                                                                 |                                                                   LocalIn_91 |       1188 |       1188 |       0 |    0 |    34 |      0 |      0 |            0 |
|             Merge                                                                  |                                                    Merge2__parameterized0_92 |       1188 |       1188 |       0 |    0 |    34 |      0 |      0 |            0 |
|         Scheduler                                                                  |                                                                 Scheduler_80 |       5105 |       5105 |       0 |    0 |  4128 |      0 |      0 |            0 |
|           SRAM                                                                     |                                                             SchedulerSRAM_84 |       1024 |       1024 |       0 |    0 |  4096 |      0 |      0 |            0 |
|           counter                                                                  |                                                                   Counter_85 |       4081 |       4081 |       0 |    0 |    32 |      0 |      0 |            0 |
|         neuron_grid                                                                |                                              neuron_grid_3x2__parameterized1 |        492 |        476 |      16 |    0 |   428 |      0 |     11 |            0 |
|           controller                                                               |                                                    neuron_grid_controller_81 |         50 |         50 |       0 |    0 |     3 |      0 |      0 |            0 |
|           datapath                                                                 |                                     neuron_grid_datapath_3x2__parameterized1 |        442 |        426 |      16 |    0 |   425 |      0 |     11 |            0 |
|             (datapath)                                                             |                                     neuron_grid_datapath_3x2__parameterized1 |         37 |         21 |      16 |    0 |   416 |      0 |      0 |            0 |
|             CSRAM_inst                                                             |                                                                     CSRAM_82 |        374 |        374 |       0 |    0 |     0 |      0 |     11 |            0 |
|             neuron_block                                                           |                                                              neuron_block_83 |         37 |         37 |       0 |    0 |     9 |      0 |      0 |            0 |
|       gencore[3].Core                                                              |                                                     Core_3x2__parameterized2 |       7275 |       7259 |      16 |    0 |  5876 |      0 |     11 |            0 |
|         Router                                                                     |                                                                    Router_49 |       1678 |       1678 |       0 |    0 |  1320 |      0 |      0 |            0 |
|           forward_east                                                             |                                                           ForwardEastWest_56 |        136 |        136 |       0 |    0 |   414 |      0 |      0 |            0 |
|             Merge                                                                  |                                                                    Merge2_75 |          9 |          9 |       0 |    0 |    33 |      0 |      0 |            0 |
|             north_buffer                                                           |                                                    buffer__parameterized0_76 |         32 |         32 |       0 |    0 |   112 |      0 |      0 |            0 |
|             routing_buffer                                                         |                                                                    buffer_77 |         41 |         41 |       0 |    0 |   157 |      0 |      0 |            0 |
|             south_buffer                                                           |                                                    buffer__parameterized0_78 |         54 |         54 |       0 |    0 |   112 |      0 |      0 |            0 |
|           forward_north                                                            |                                                         ForwardNorthSouth_57 |         67 |         67 |       0 |    0 |    95 |      0 |      0 |            0 |
|             local_buffer                                                           |                                                    buffer__parameterized1_72 |         36 |         36 |       0 |    0 |    67 |      0 |      0 |            0 |
|             merge                                                                  |                                                                    Merge3_73 |         29 |         29 |       0 |    0 |    25 |      0 |      0 |            0 |
|             routing_buffer                                                         |                                                    buffer__parameterized0_74 |          2 |          2 |       0 |    0 |     3 |      0 |      0 |            0 |
|           forward_south                                                            |                                         ForwardNorthSouth__parameterized0_58 |         66 |         66 |       0 |    0 |   203 |      0 |      0 |            0 |
|             local_buffer                                                           |                                                    buffer__parameterized1_69 |         23 |         23 |       0 |    0 |    67 |      0 |      0 |            0 |
|             merge                                                                  |                                                                    Merge3_70 |         12 |         12 |       0 |    0 |    24 |      0 |      0 |            0 |
|             routing_buffer                                                         |                                                    buffer__parameterized0_71 |         31 |         31 |       0 |    0 |   112 |      0 |      0 |            0 |
|           forward_west                                                             |                                           ForwardEastWest__parameterized0_59 |        104 |        104 |       0 |    0 |   260 |      0 |      0 |            0 |
|             Merge                                                                  |                                                                    Merge2_65 |         36 |         36 |       0 |    0 |    33 |      0 |      0 |            0 |
|             north_buffer                                                           |                                                    buffer__parameterized0_66 |         32 |         32 |       0 |    0 |   112 |      0 |      0 |            0 |
|             routing_buffer                                                         |                                                                    buffer_67 |          3 |          3 |       0 |    0 |     3 |      0 |      0 |            0 |
|             south_buffer                                                           |                                                    buffer__parameterized0_68 |         33 |         33 |       0 |    0 |   112 |      0 |      0 |            0 |
|           from_local                                                               |                                                                 FromLocal_60 |        117 |        117 |       0 |    0 |   314 |      0 |      0 |            0 |
|             buffer_east                                                            |                                                                    buffer_63 |         74 |         74 |       0 |    0 |   157 |      0 |      0 |            0 |
|             buffer_west                                                            |                                                                    buffer_64 |         43 |         43 |       0 |    0 |   157 |      0 |      0 |            0 |
|           local_in                                                                 |                                                                   LocalIn_61 |       1188 |       1188 |       0 |    0 |    34 |      0 |      0 |            0 |
|             Merge                                                                  |                                                    Merge2__parameterized0_62 |       1188 |       1188 |       0 |    0 |    34 |      0 |      0 |            0 |
|         Scheduler                                                                  |                                                                 Scheduler_50 |       5105 |       5105 |       0 |    0 |  4128 |      0 |      0 |            0 |
|           SRAM                                                                     |                                                             SchedulerSRAM_54 |       1024 |       1024 |       0 |    0 |  4096 |      0 |      0 |            0 |
|           counter                                                                  |                                                                   Counter_55 |       4081 |       4081 |       0 |    0 |    32 |      0 |      0 |            0 |
|         neuron_grid                                                                |                                              neuron_grid_3x2__parameterized2 |        492 |        476 |      16 |    0 |   428 |      0 |     11 |            0 |
|           controller                                                               |                                                    neuron_grid_controller_51 |         50 |         50 |       0 |    0 |     3 |      0 |      0 |            0 |
|           datapath                                                                 |                                     neuron_grid_datapath_3x2__parameterized2 |        442 |        426 |      16 |    0 |   425 |      0 |     11 |            0 |
|             (datapath)                                                             |                                     neuron_grid_datapath_3x2__parameterized2 |         37 |         21 |      16 |    0 |   416 |      0 |      0 |            0 |
|             CSRAM_inst                                                             |                                                                     CSRAM_52 |        374 |        374 |       0 |    0 |     0 |      0 |     11 |            0 |
|             neuron_block                                                           |                                                              neuron_block_53 |         37 |         37 |       0 |    0 |     9 |      0 |      0 |            0 |
|       gencore[4].Core                                                              |                                                     Core_3x2__parameterized3 |       7369 |       7353 |      16 |    0 |  6038 |      0 |     11 |            0 |
|         Router                                                                     |                                                                       Router |       1735 |       1735 |       0 |    0 |  1477 |      0 |      0 |            0 |
|           forward_east                                                             |                                                           ForwardEastWest_26 |        169 |        169 |       0 |    0 |   414 |      0 |      0 |            0 |
|             Merge                                                                  |                                                                    Merge2_45 |         43 |         43 |       0 |    0 |    33 |      0 |      0 |            0 |
|             north_buffer                                                           |                                                    buffer__parameterized0_46 |         32 |         32 |       0 |    0 |   112 |      0 |      0 |            0 |
|             routing_buffer                                                         |                                                                    buffer_47 |         41 |         41 |       0 |    0 |   157 |      0 |      0 |            0 |
|             south_buffer                                                           |                                                    buffer__parameterized0_48 |         53 |         53 |       0 |    0 |   112 |      0 |      0 |            0 |
|           forward_north                                                            |                                                         ForwardNorthSouth_27 |         72 |         72 |       0 |    0 |    95 |      0 |      0 |            0 |
|             local_buffer                                                           |                                                    buffer__parameterized1_42 |         39 |         39 |       0 |    0 |    67 |      0 |      0 |            0 |
|             merge                                                                  |                                                                    Merge3_43 |         30 |         30 |       0 |    0 |    25 |      0 |      0 |            0 |
|             routing_buffer                                                         |                                                    buffer__parameterized0_44 |          3 |          3 |       0 |    0 |     3 |      0 |      0 |            0 |
|           forward_south                                                            |                                         ForwardNorthSouth__parameterized0_28 |         70 |         70 |       0 |    0 |   203 |      0 |      0 |            0 |
|             local_buffer                                                           |                                                    buffer__parameterized1_39 |         24 |         24 |       0 |    0 |    67 |      0 |      0 |            0 |
|             merge                                                                  |                                                                    Merge3_40 |         14 |         14 |       0 |    0 |    24 |      0 |      0 |            0 |
|             routing_buffer                                                         |                                                    buffer__parameterized0_41 |         32 |         32 |       0 |    0 |   112 |      0 |      0 |            0 |
|           forward_west                                                             |                                           ForwardEastWest__parameterized0_29 |        120 |        120 |       0 |    0 |   414 |      0 |      0 |            0 |
|             Merge                                                                  |                                                                    Merge2_35 |         14 |         14 |       0 |    0 |    33 |      0 |      0 |            0 |
|             north_buffer                                                           |                                                    buffer__parameterized0_36 |         32 |         32 |       0 |    0 |   112 |      0 |      0 |            0 |
|             routing_buffer                                                         |                                                                    buffer_37 |         41 |         41 |       0 |    0 |   157 |      0 |      0 |            0 |
|             south_buffer                                                           |                                                    buffer__parameterized0_38 |         33 |         33 |       0 |    0 |   112 |      0 |      0 |            0 |
|           from_local                                                               |                                                                 FromLocal_30 |        116 |        116 |       0 |    0 |   314 |      0 |      0 |            0 |
|             buffer_east                                                            |                                                                    buffer_33 |         43 |         43 |       0 |    0 |   157 |      0 |      0 |            0 |
|             buffer_west                                                            |                                                                    buffer_34 |         73 |         73 |       0 |    0 |   157 |      0 |      0 |            0 |
|           local_in                                                                 |                                                                   LocalIn_31 |       1188 |       1188 |       0 |    0 |    37 |      0 |      0 |            0 |
|             Merge                                                                  |                                                    Merge2__parameterized0_32 |       1188 |       1188 |       0 |    0 |    37 |      0 |      0 |            0 |
|         Scheduler                                                                  |                                                                    Scheduler |       5178 |       5178 |       0 |    0 |  4133 |      0 |      0 |            0 |
|           SRAM                                                                     |                                                                SchedulerSRAM |       1092 |       1092 |       0 |    0 |  4096 |      0 |      0 |            0 |
|           counter                                                                  |                                                                      Counter |       4086 |       4086 |       0 |    0 |    37 |      0 |      0 |            0 |
|         neuron_grid                                                                |                                              neuron_grid_3x2__parameterized3 |        456 |        440 |      16 |    0 |   428 |      0 |     11 |            0 |
|           controller                                                               |                                                       neuron_grid_controller |         54 |         54 |       0 |    0 |     3 |      0 |      0 |            0 |
|           datapath                                                                 |                                     neuron_grid_datapath_3x2__parameterized3 |        402 |        386 |      16 |    0 |   425 |      0 |     11 |            0 |
|             (datapath)                                                             |                                     neuron_grid_datapath_3x2__parameterized3 |         39 |         23 |      16 |    0 |   416 |      0 |      0 |            0 |
|             CSRAM_inst                                                             |                                                                        CSRAM |        323 |        323 |       0 |    0 |     0 |      0 |     11 |            0 |
|             neuron_block                                                           |                                                                 neuron_block |         42 |         42 |       0 |    0 |     9 |      0 |      0 |            0 |
|       gencore[5].OutputBus                                                         |                                                                    OutputBus |        669 |        669 |       0 |    0 |   535 |      0 |      0 |            0 |
|         Router_tb                                                                  |                                                       Router__parameterized0 |        669 |        669 |       0 |    0 |   535 |      0 |      0 |            0 |
|           forward_east                                                             |                                                              ForwardEastWest |        103 |        103 |       0 |    0 |   240 |      0 |      0 |            0 |
|             Merge                                                                  |                                                                    Merge2_22 |         39 |         39 |       0 |    0 |    33 |      0 |      0 |            0 |
|             north_buffer                                                           |                                                    buffer__parameterized0_23 |         28 |         28 |       0 |    0 |    92 |      0 |      0 |            0 |
|             routing_buffer                                                         |                                                                    buffer_24 |          3 |          3 |       0 |    0 |     3 |      0 |      0 |            0 |
|             south_buffer                                                           |                                                    buffer__parameterized0_25 |         33 |         33 |       0 |    0 |   112 |      0 |      0 |            0 |
|           forward_north                                                            |                                                            ForwardNorthSouth |         69 |         69 |       0 |    0 |    71 |      0 |      0 |            0 |
|             local_buffer                                                           |                                                    buffer__parameterized1_19 |         39 |         39 |       0 |    0 |    47 |      0 |      0 |            0 |
|             merge                                                                  |                                                                    Merge3_20 |         27 |         27 |       0 |    0 |    21 |      0 |      0 |            0 |
|             routing_buffer                                                         |                                                    buffer__parameterized0_21 |          3 |          3 |       0 |    0 |     3 |      0 |      0 |            0 |
|           forward_south                                                            |                                            ForwardNorthSouth__parameterized0 |         82 |         82 |       0 |    0 |   183 |      0 |      0 |            0 |
|             local_buffer                                                           |                                                       buffer__parameterized1 |         18 |         18 |       0 |    0 |    47 |      0 |      0 |            0 |
|             merge                                                                  |                                                                       Merge3 |         32 |         32 |       0 |    0 |    24 |      0 |      0 |            0 |
|             routing_buffer                                                         |                                                    buffer__parameterized0_18 |         32 |         32 |       0 |    0 |   112 |      0 |      0 |            0 |
|           forward_west                                                             |                                              ForwardEastWest__parameterized0 |         15 |         15 |       0 |    0 |    12 |      0 |      0 |            0 |
|             Merge                                                                  |                                                                       Merge2 |          3 |          3 |       0 |    0 |     3 |      0 |      0 |            0 |
|             north_buffer                                                           |                                                       buffer__parameterized0 |          4 |          4 |       0 |    0 |     3 |      0 |      0 |            0 |
|             routing_buffer                                                         |                                                                    buffer_16 |          4 |          4 |       0 |    0 |     3 |      0 |      0 |            0 |
|             south_buffer                                                           |                                                    buffer__parameterized0_17 |          4 |          4 |       0 |    0 |     3 |      0 |      0 |            0 |
|           from_local                                                               |                                                                    FromLocal |          5 |          5 |       0 |    0 |     6 |      0 |      0 |            0 |
|             buffer_east                                                            |                                                                       buffer |          3 |          3 |       0 |    0 |     3 |      0 |      0 |            0 |
|             buffer_west                                                            |                                                                    buffer_15 |          2 |          2 |       0 |    0 |     3 |      0 |      0 |            0 |
|           local_in                                                                 |                                                                      LocalIn |        395 |        395 |       0 |    0 |    23 |      0 |      0 |            0 |
|             Merge                                                                  |                                                       Merge2__parameterized0 |        395 |        395 |       0 |    0 |    23 |      0 |      0 |            0 |
|       load_neuron_inst_fifo                                                        |                                                              load_param_fifo |         33 |         29 |       4 |    0 |    48 |      0 |      0 |            0 |
|         (load_neuron_inst_fifo)                                                    |                                                              load_param_fifo |          5 |          5 |       0 |    0 |     8 |      0 |      0 |            0 |
|         async_fifo_ins                                                             |                                                   async_fifo__parameterized0 |         28 |         24 |       4 |    0 |    40 |      0 |      0 |            0 |
|           fifomem                                                                  |                                                      fifomem__parameterized0 |          4 |          0 |       4 |    0 |     0 |      0 |      0 |            0 |
|           rptr_empty                                                               |                                                rptr_empty__parameterized0_11 |         11 |         11 |       0 |    0 |    10 |      0 |      0 |            0 |
|           sync_r2w                                                                 |                                                  sync_r2w__parameterized0_12 |          0 |          0 |       0 |    0 |    10 |      0 |      0 |            0 |
|           sync_w2r                                                                 |                                                  sync_w2r__parameterized0_13 |          0 |          0 |       0 |    0 |    10 |      0 |      0 |            0 |
|           wptr_full                                                                |                                                 wptr_full__parameterized0_14 |         13 |         13 |       0 |    0 |    10 |      0 |      0 |            0 |
|       load_param                                                                   |                                              load_param_fifo__parameterized0 |        281 |         33 |     248 |    0 |    51 |      0 |      0 |            0 |
|         (load_param)                                                               |                                              load_param_fifo__parameterized0 |          7 |          7 |       0 |    0 |     8 |      0 |      0 |            0 |
|         async_fifo_ins                                                             |                                                   async_fifo__parameterized1 |        274 |         26 |     248 |    0 |    43 |      0 |      0 |            0 |
|           fifomem                                                                  |                                                      fifomem__parameterized1 |        248 |          0 |     248 |    0 |     0 |      0 |      0 |            0 |
|           rptr_empty                                                               |                                                   rptr_empty__parameterized0 |         12 |         12 |       0 |    0 |    13 |      0 |      0 |            0 |
|           sync_r2w                                                                 |                                                     sync_r2w__parameterized0 |          0 |          0 |       0 |    0 |    10 |      0 |      0 |            0 |
|           sync_w2r                                                                 |                                                     sync_w2r__parameterized0 |          0 |          0 |       0 |    0 |    10 |      0 |      0 |            0 |
|           wptr_full                                                                |                                                    wptr_full__parameterized0 |         14 |         14 |       0 |    0 |    10 |      0 |      0 |            0 |
|       param_wen_sync                                                               |                                                  sync_2ff__parameterized0_10 |          1 |          1 |       0 |    0 |     2 |      0 |      0 |            0 |
|     complete_sync_inst                                                             |                                                     sync_2ff__parameterized0 |          1 |          1 |       0 |    0 |     2 |      0 |      0 |            0 |
|     grid_state_sync_inst                                                           |                                                                     sync_2ff |          2 |          2 |       0 |    0 |     6 |      0 |      0 |            0 |
|     load_end_sync_inst                                                             |                                                   sync_2ff__parameterized0_6 |          0 |          0 |       0 |    0 |     2 |      0 |      0 |            0 |
|     next_core_sync_inst                                                            |                                                                   sync_2ff_7 |         10 |         10 |       0 |    0 |     6 |      0 |      0 |            0 |
|     packet_loader                                                                  |                                                                  load_packet |        237 |         77 |     160 |    0 |  1108 |      0 |      0 |            0 |
|       (packet_loader)                                                              |                                                                  load_packet |          6 |          6 |       0 |    0 |  1006 |      0 |      0 |            0 |
|       load_packet_fifo                                                             |                                                                   async_fifo |        231 |         71 |     160 |    0 |   102 |      0 |      0 |            0 |
|         fifomem                                                                    |                                                                      fifomem |        190 |         30 |     160 |    0 |    30 |      0 |      0 |            0 |
|         rptr_empty                                                                 |                                                                   rptr_empty |         19 |         19 |       0 |    0 |    18 |      0 |      0 |            0 |
|         sync_r2w                                                                   |                                                                     sync_r2w |          0 |          0 |       0 |    0 |    18 |      0 |      0 |            0 |
|         sync_w2r                                                                   |                                                                     sync_w2r |          0 |          0 |       0 |    0 |    18 |      0 |      0 |            0 |
|         wptr_full                                                                  |                                                                    wptr_full |         22 |         22 |       0 |    0 |    18 |      0 |      0 |            0 |
|     spike_en_sync_inst                                                             |                                                   sync_2ff__parameterized0_8 |          0 |          0 |       0 |    0 |     2 |      0 |      0 |            0 |
|     spike_out_sync_inst                                                            |                                                     sync_2ff__parameterized1 |        125 |        125 |       0 |    0 |   500 |      0 |      0 |            0 |
|     tick_generation                                                                |                                                                     tick_gen |         55 |         55 |       0 |    0 |    42 |      0 |      0 |            0 |
|     tick_ready_sync_inst                                                           |                                                   sync_2ff__parameterized0_9 |          1 |          1 |       0 |    0 |     2 |      0 |      0 |            0 |
|   VexRiscvLitexSmpCluster_Cc2_Iw64Is8192Iy2_Dw64Ds8192Dy2_ITs4DTs4_Cdma_Ood_Wm     | VexRiscvLitexSmpCluster_Cc2_Iw64Is8192Iy2_Dw64Ds8192Dy2_ITs4DTs4_Cdma_Ood_Wm |       9873 |       9585 |     288 |    0 |  7918 |      8 |      8 |            8 |
|     (VexRiscvLitexSmpCluster_Cc2_Iw64Is8192Iy2_Dw64Ds8192Dy2_ITs4DTs4_Cdma_Ood_Wm) | VexRiscvLitexSmpCluster_Cc2_Iw64Is8192Iy2_Dw64Ds8192Dy2_ITs4DTs4_Cdma_Ood_Wm |        373 |        373 |       0 |    0 |  2280 |      0 |      0 |            0 |
|     bufferCC_4                                                                     |                                                                   BufferCC_1 |          1 |          1 |       0 |    0 |     2 |      0 |      0 |            0 |
|     bufferCC_5                                                                     |                                                                   BufferCC_2 |          1 |          1 |       0 |    0 |     2 |      0 |      0 |            0 |
|     bufferCC_6                                                                     |                                                                   BufferCC_3 |          0 |          0 |       0 |    0 |     2 |      0 |      0 |            0 |
|     clintWishboneBridge_logic_bridge                                               |                                                              WishboneToBmb_1 |          0 |          0 |       0 |    0 |     1 |      0 |      0 |            0 |
|     clint_logic                                                                    |                                                                     BmbClint |        211 |        211 |       0 |    0 |   229 |      0 |      0 |            0 |
|     cores_0_cpu_logic_cpu                                                          |                                                                     VexRiscv |       3250 |       3136 |     114 |    0 |  2313 |      4 |      4 |            4 |
|       (cores_0_cpu_logic_cpu)                                                      |                                                                     VexRiscv |       1132 |       1084 |      48 |    0 |  1857 |      0 |      0 |            4 |
|       IBusCachedPlugin_cache                                                       |                                                           InstructionCache_2 |        821 |        757 |      64 |    0 |   159 |      2 |      0 |            0 |
|       dataCache_2                                                                  |                                                                  DataCache_3 |       1297 |       1295 |       2 |    0 |   297 |      2 |      4 |            0 |
|         (dataCache_2)                                                              |                                                                  DataCache_3 |       1139 |       1137 |       2 |    0 |   297 |      0 |      4 |            0 |
|         ways_0_data                                                                |                                                                 Ram_1w_1rs_4 |         24 |         24 |       0 |    0 |     0 |      1 |      0 |            0 |
|         ways_1_data                                                                |                                                                 Ram_1w_1rs_5 |        134 |        134 |       0 |    0 |     0 |      1 |      0 |            0 |
|     cores_0_cpu_logic_cpu_dBus_Bridge_withWriteBuffer_syncLogic_cmdCtx_fifo        |                                                                 StreamFifo_1 |         26 |         22 |       4 |    0 |    16 |      0 |      0 |            0 |
|     cores_1_cpu_logic_cpu                                                          |                                                                   VexRiscv_1 |       3219 |       3105 |     114 |    0 |  2284 |      4 |      4 |            4 |
|       (cores_1_cpu_logic_cpu)                                                      |                                                                   VexRiscv_1 |       1134 |       1086 |      48 |    0 |  1819 |      0 |      0 |            4 |
|       IBusCachedPlugin_cache                                                       |                                                             InstructionCache |        818 |        754 |      64 |    0 |   159 |      2 |      0 |            0 |
|       dataCache_2                                                                  |                                                                    DataCache |       1267 |       1265 |       2 |    0 |   306 |      2 |      4 |            0 |
|         (dataCache_2)                                                              |                                                                    DataCache |       1103 |       1101 |       2 |    0 |   306 |      0 |      4 |            0 |
|         ways_0_data                                                                |                                                                   Ram_1w_1rs |         28 |         28 |       0 |    0 |     0 |      1 |      0 |            0 |
|         ways_1_data                                                                |                                                                 Ram_1w_1rs_1 |        136 |        136 |       0 |    0 |     0 |      1 |      0 |            0 |
|     cores_1_cpu_logic_cpu_dBus_Bridge_withWriteBuffer_syncLogic_cmdCtx_fifo        |                                                               StreamFifo_1_0 |         26 |         22 |       4 |    0 |    16 |      0 |      0 |            0 |
|     dBusCoherent_bmb_arbiter                                                       |                                                                 BmbArbiter_1 |        212 |        212 |       0 |    0 |    19 |      0 |      0 |            0 |
|       (dBusCoherent_bmb_arbiter)                                                   |                                                                 BmbArbiter_1 |         14 |         14 |       0 |    0 |    15 |      0 |      0 |            0 |
|       memory_arbiter                                                               |                                                              StreamArbiter_3 |        198 |        198 |       0 |    0 |     4 |      0 |      0 |            0 |
|     dBusCoherent_bmb_syncRemover                                                   |                                                               BmbSyncRemover |        150 |        102 |      48 |    0 |    14 |      0 |      0 |            0 |
|       (dBusCoherent_bmb_syncRemover)                                               |                                                               BmbSyncRemover |          2 |          2 |       0 |    0 |     7 |      0 |      0 |            0 |
|       io_output_rsp_fifo                                                           |                                                         StreamFifoLowLatency |        148 |        100 |      48 |    0 |     7 |      0 |      0 |            0 |
|     debugBridge_bmb_decoder                                                        |                                                                   BmbDecoder |         10 |         10 |       0 |    0 |     7 |      0 |      0 |            0 |
|     debugBridge_logic_debugger                                                     |                                                               SystemDebugger |          1 |          1 |       0 |    0 |     2 |      0 |      0 |            0 |
|     debugBridge_logic_jtagBridge                                                   |                                                              JtagBridgeNoTap |          2 |          2 |       0 |    0 |    38 |      0 |      0 |            0 |
|       (debugBridge_logic_jtagBridge)                                               |                                                              JtagBridgeNoTap |          0 |          0 |       0 |    0 |    34 |      0 |      0 |            0 |
|       flowCCByToggle_1                                                             |                                                               FlowCCByToggle |          2 |          2 |       0 |    0 |     4 |      0 |      0 |            0 |
|         (flowCCByToggle_1)                                                         |                                                               FlowCCByToggle |          0 |          0 |       0 |    0 |     2 |      0 |      0 |            0 |
|         inputArea_target_buffercc                                                  |                                                                     BufferCC |          2 |          2 |       0 |    0 |     2 |      0 |      0 |            0 |
|     iArbiter_bmb_arbiter                                                           |                                                                   BmbArbiter |         18 |         18 |       0 |    0 |     3 |      0 |      0 |            0 |
|       memory_arbiter                                                               |                                                                StreamArbiter |         18 |         18 |       0 |    0 |     3 |      0 |      0 |            0 |
|     peripheralBridge_bmb_arbiter                                                   |                                                                 BmbArbiter_2 |        148 |        148 |       0 |    0 |     3 |      0 |      0 |            0 |
|       memory_arbiter                                                               |                                                              StreamArbiter_4 |        148 |        148 |       0 |    0 |     3 |      0 |      0 |            0 |
|     peripheralBridge_logic                                                         |                                                                BmbToWishbone |       1984 |       1984 |       0 |    0 |   486 |      0 |      0 |            0 |
|     plicWishboneBridge_logic_bridge                                                |                                                              WishboneToBmb_2 |          0 |          0 |       0 |    0 |     1 |      0 |      0 |            0 |
|     smp_exclusiveMonitor_logic                                                     |                                                          BmbExclusiveMonitor |        207 |        207 |       0 |    0 |   182 |      0 |      0 |            0 |
|       (smp_exclusiveMonitor_logic)                                                 |                                                          BmbExclusiveMonitor |        108 |        108 |       0 |    0 |   176 |      0 |      0 |            0 |
|       logic_cmdArbiter                                                             |                                                              StreamArbiter_2 |         35 |         35 |       0 |    0 |     3 |      0 |      0 |            0 |
|       logic_exclusiveReadArbiter                                                   |                                                              StreamArbiter_1 |         64 |         64 |       0 |    0 |     3 |      0 |      0 |            0 |
|     smp_invalidationMonitor_logic                                                  |                                                         BmbInvalidateMonitor |         34 |         30 |       4 |    0 |    18 |      0 |      0 |            0 |
|       (smp_invalidationMonitor_logic)                                              |                                                         BmbInvalidateMonitor |         10 |         10 |       0 |    0 |     6 |      0 |      0 |            0 |
|       rspLogic_rspToSyncFiltred_s2mPipe_fifo                                       |                                                                   StreamFifo |         24 |         20 |       4 |    0 |    12 |      0 |      0 |            0 |
+------------------------------------------------------------------------------------+------------------------------------------------------------------------------+------------+------------+---------+------+-------+--------+--------+--------------+


