Copyright 1986-2018 Xilinx, Inc. All Rights Reserved.
------------------------------------------------------------------------------------
| Tool Version : Vivado v.2018.3 (lin64) Build 2405991 Thu Dec  6 23:36:41 MST 2018
| Date         : Tue Dec 20 12:12:32 2022
| Host         : riolet running 64-bit Ubuntu 20.04.4 LTS
| Command      : report_utilization -file kc705_utilization_place.rpt
| Design       : kc705
| Device       : 7k325tffg900-2
| Design State : Fully Placed
------------------------------------------------------------------------------------

Utilization Design Information

Table of Contents
-----------------
1. Slice Logic
1.1 Summary of Registers by Type
2. Slice Logic Distribution
3. Memory
4. DSP
5. IO and GT Specific
6. Clocking
7. Specific Feature
8. Primitives
9. Black Boxes
10. Instantiated Netlists

1. Slice Logic
--------------

+----------------------------+-------+-------+-----------+-------+
|          Site Type         |  Used | Fixed | Available | Util% |
+----------------------------+-------+-------+-----------+-------+
| Slice LUTs                 | 19653 |     0 |    203800 |  9.64 |
|   LUT as Logic             | 16612 |     0 |    203800 |  8.15 |
|   LUT as Memory            |  3041 |     0 |     64000 |  4.75 |
|     LUT as Distributed RAM |  3038 |     0 |           |       |
|     LUT as Shift Register  |     3 |     0 |           |       |
| Slice Registers            | 14821 |     0 |    407600 |  3.64 |
|   Register as Flip Flop    | 14821 |     0 |    407600 |  3.64 |
|   Register as Latch        |     0 |     0 |    407600 |  0.00 |
| F7 Muxes                   |   723 |     0 |    101900 |  0.71 |
| F8 Muxes                   |     6 |     0 |     50950 |  0.01 |
+----------------------------+-------+-------+-----------+-------+


1.1 Summary of Registers by Type
--------------------------------

+-------+--------------+-------------+--------------+
| Total | Clock Enable | Synchronous | Asynchronous |
+-------+--------------+-------------+--------------+
| 0     |            _ |           - |            - |
| 0     |            _ |           - |          Set |
| 0     |            _ |           - |        Reset |
| 0     |            _ |         Set |            - |
| 0     |            _ |       Reset |            - |
| 0     |          Yes |           - |            - |
| 10    |          Yes |           - |          Set |
| 8     |          Yes |           - |        Reset |
| 671   |          Yes |         Set |            - |
| 14132 |          Yes |       Reset |            - |
+-------+--------------+-------------+--------------+


2. Slice Logic Distribution
---------------------------

+--------------------------------------------+-------+-------+-----------+-------+
|                  Site Type                 |  Used | Fixed | Available | Util% |
+--------------------------------------------+-------+-------+-----------+-------+
| Slice                                      |  6940 |     0 |     50950 | 13.62 |
|   SLICEL                                   |  4476 |     0 |           |       |
|   SLICEM                                   |  2464 |     0 |           |       |
| LUT as Logic                               | 16612 |     0 |    203800 |  8.15 |
|   using O5 output only                     |     2 |       |           |       |
|   using O6 output only                     | 13481 |       |           |       |
|   using O5 and O6                          |  3129 |       |           |       |
| LUT as Memory                              |  3041 |     0 |     64000 |  4.75 |
|   LUT as Distributed RAM                   |  3038 |     0 |           |       |
|     using O5 output only                   |    24 |       |           |       |
|     using O6 output only                   |  1308 |       |           |       |
|     using O5 and O6                        |  1706 |       |           |       |
|   LUT as Shift Register                    |     3 |     0 |           |       |
|     using O5 output only                   |     3 |       |           |       |
|     using O6 output only                   |     0 |       |           |       |
|     using O5 and O6                        |     0 |       |           |       |
| Slice Registers                            | 14821 |     0 |    407600 |  3.64 |
|   Register driven from within the Slice    |  6935 |       |           |       |
|   Register driven from outside the Slice   |  7886 |       |           |       |
|     LUT in front of the register is unused |  3752 |       |           |       |
|     LUT in front of the register is used   |  4134 |       |           |       |
| Unique Control Sets                        |   520 |       |     50950 |  1.02 |
+--------------------------------------------+-------+-------+-----------+-------+
* Note: Available Control Sets calculated as Slice Registers / 8, Review the Control Sets Report for more information regarding control sets.


3. Memory
---------

+-------------------+------+-------+-----------+-------+
|     Site Type     | Used | Fixed | Available | Util% |
+-------------------+------+-------+-----------+-------+
| Block RAM Tile    |   36 |     0 |       445 |  8.09 |
|   RAMB36/FIFO*    |   28 |     0 |       445 |  6.29 |
|     RAMB36E1 only |   28 |       |           |       |
|   RAMB18          |   16 |     0 |       890 |  1.80 |
|     RAMB18E1 only |   16 |       |           |       |
+-------------------+------+-------+-----------+-------+
* Note: Each Block RAM Tile only has one FIFO logic available and therefore can accommodate only one FIFO36E1 or one FIFO18E1. However, if a FIFO18E1 occupies a Block RAM Tile, that tile can still accommodate a RAMB18E1


4. DSP
------

+----------------+------+-------+-----------+-------+
|    Site Type   | Used | Fixed | Available | Util% |
+----------------+------+-------+-----------+-------+
| DSPs           |    8 |     0 |       840 |  0.95 |
|   DSP48E1 only |    8 |       |           |       |
+----------------+------+-------+-----------+-------+


5. IO and GT Specific
---------------------

+-----------------------------+------+-------+-----------+-------+
|          Site Type          | Used | Fixed | Available | Util% |
+-----------------------------+------+-------+-----------+-------+
| Bonded IOB                  |  160 |   160 |       500 | 32.00 |
|   IOB Master Pads           |   80 |       |           |       |
|   IOB Slave Pads            |   73 |       |           |       |
| Bonded IPADs                |    0 |     0 |        50 |  0.00 |
| Bonded OPADs                |    0 |     0 |        32 |  0.00 |
| PHY_CONTROL                 |    0 |     0 |        10 |  0.00 |
| PHASER_REF                  |    0 |     0 |        10 |  0.00 |
| OUT_FIFO                    |    0 |     0 |        40 |  0.00 |
| IN_FIFO                     |    0 |     0 |        40 |  0.00 |
| IDELAYCTRL                  |    3 |     0 |        10 | 30.00 |
| IBUFDS                      |    9 |     9 |       480 |  1.88 |
| GTXE2_COMMON                |    0 |     0 |         4 |  0.00 |
| GTXE2_CHANNEL               |    0 |     0 |        16 |  0.00 |
| PHASER_OUT/PHASER_OUT_PHY   |    0 |     0 |        40 |  0.00 |
| PHASER_IN/PHASER_IN_PHY     |    0 |     0 |        40 |  0.00 |
| IDELAYE2/IDELAYE2_FINEDELAY |   64 |    64 |       500 | 12.80 |
|   IDELAYE2 only             |   64 |    64 |           |       |
| ODELAYE2/ODELAYE2_FINEDELAY |  107 |   107 |       150 | 71.33 |
|   ODELAYE2 only             |  107 |   107 |           |       |
| IBUFDS_GTE2                 |    0 |     0 |         8 |  0.00 |
| ILOGIC                      |   69 |    69 |       500 | 13.80 |
|   IFF_IDDR_Register         |    5 |     5 |           |       |
|   ISERDES                   |   64 |    64 |           |       |
| OLOGIC                      |  114 |   114 |       500 | 22.80 |
|   OUTFF_ODDR_Register       |    7 |     7 |           |       |
|   TFF_ODDR_Register         |    5 |     5 |           |       |
|   OSERDES                   |  107 |   107 |           |       |
+-----------------------------+------+-------+-----------+-------+


6. Clocking
-----------

+------------+------+-------+-----------+-------+
|  Site Type | Used | Fixed | Available | Util% |
+------------+------+-------+-----------+-------+
| BUFGCTRL   |    6 |     0 |        32 | 18.75 |
| BUFIO      |    0 |     0 |        40 |  0.00 |
| MMCME2_ADV |    1 |     0 |        10 | 10.00 |
| PLLE2_ADV  |    0 |     0 |        10 |  0.00 |
| BUFMRCE    |    0 |     0 |        20 |  0.00 |
| BUFHCE     |    0 |     0 |       168 |  0.00 |
| BUFR       |    0 |     0 |        40 |  0.00 |
+------------+------+-------+-----------+-------+


7. Specific Feature
-------------------

+-------------+------+-------+-----------+--------+
|  Site Type  | Used | Fixed | Available |  Util% |
+-------------+------+-------+-----------+--------+
| BSCANE2     |    0 |     0 |         4 |   0.00 |
| CAPTUREE2   |    0 |     0 |         1 |   0.00 |
| DNA_PORT    |    0 |     0 |         1 |   0.00 |
| EFUSE_USR   |    0 |     0 |         1 |   0.00 |
| FRAME_ECCE2 |    0 |     0 |         1 |   0.00 |
| ICAPE2      |    0 |     0 |         2 |   0.00 |
| PCIE_2_1    |    0 |     0 |         1 |   0.00 |
| STARTUPE2   |    0 |     0 |         1 |   0.00 |
| XADC        |    1 |     0 |         1 | 100.00 |
+-------------+------+-------+-----------+--------+


8. Primitives
-------------

+------------+-------+---------------------+
|  Ref Name  |  Used | Functional Category |
+------------+-------+---------------------+
| FDRE       | 14132 |        Flop & Latch |
| LUT6       |  6704 |                 LUT |
| LUT3       |  4651 |                 LUT |
| LUT5       |  3637 |                 LUT |
| RAMD32     |  2788 |  Distributed Memory |
| LUT4       |  2784 |                 LUT |
| LUT2       |  1428 |                 LUT |
| RAMD64E    |  1284 |  Distributed Memory |
| MUXF7      |   723 |               MuxFx |
| RAMS32     |   672 |  Distributed Memory |
| FDSE       |   671 |        Flop & Latch |
| CARRY4     |   567 |          CarryLogic |
| LUT1       |   537 |                 LUT |
| OSERDESE2  |   107 |                  IO |
| ODELAYE2   |   107 |                  IO |
| IBUF       |    83 |                  IO |
| OBUFT      |    70 |                  IO |
| ISERDESE2  |    64 |                  IO |
| IDELAYE2   |    64 |                  IO |
| OBUF       |    57 |                  IO |
| RAMB36E1   |    28 |        Block Memory |
| RAMB18E1   |    16 |        Block Memory |
| OBUFTDS    |    16 |                  IO |
| ODDR       |    12 |                  IO |
| FDPE       |    10 |        Flop & Latch |
| INV        |     9 |                 LUT |
| IBUFDS     |     9 |                  IO |
| FDCE       |     8 |        Flop & Latch |
| DSP48E1    |     8 |    Block Arithmetic |
| MUXF8      |     6 |               MuxFx |
| BUFG       |     6 |               Clock |
| IDDR       |     5 |                  IO |
| SRL16E     |     3 |  Distributed Memory |
| IDELAYCTRL |     3 |                  IO |
| OBUFDS     |     2 |                  IO |
| XADC       |     1 |              Others |
| MMCME2_ADV |     1 |               Clock |
+------------+-------+---------------------+


9. Black Boxes
--------------

+----------+------+
| Ref Name | Used |
+----------+------+


10. Instantiated Netlists
-------------------------

+----------+------+
| Ref Name | Used |
+----------+------+


