Copyright 1986-2018 Xilinx, Inc. All Rights Reserved.
----------------------------------------------------------------------------------------
| Tool Version     : Vivado v.2018.3 (lin64) Build 2405991 Thu Dec  6 23:36:41 MST 2018
| Date             : Tue Dec 20 12:14:43 2022
| Host             : riolet running 64-bit Ubuntu 20.04.4 LTS
| Command          : report_power -file kc705_power.rpt
| Design           : kc705
| Device           : xc7k325tffg900-2
| Design State     : routed
| Grade            : commercial
| Process          : typical
| Characterization : Production
----------------------------------------------------------------------------------------

Power Report

Table of Contents
-----------------
1. Summary
1.1 On-Chip Components
1.2 Power Supply Summary
1.3 Confidence Level
2. Settings
2.1 Environment
2.2 Clock Constraints
3. Detailed Reports
3.1 By Hierarchy

1. Summary
----------

+--------------------------+--------------+
| Total On-Chip Power (W)  | 1.503        |
| Design Power Budget (W)  | Unspecified* |
| Power Budget Margin (W)  | NA           |
| Dynamic (W)              | 1.332        |
| Device Static (W)        | 0.171        |
| Effective TJA (C/W)      | 1.8          |
| Max Ambient (C)          | 82.3         |
| Junction Temperature (C) | 27.7         |
| Confidence Level         | Low          |
| Setting File             | ---          |
| Simulation Activity File | ---          |
| Design Nets Matched      | NA           |
+--------------------------+--------------+
* Specify Design Power Budget using, set_operating_conditions -design_power_budget <value in Watts>


1.1 On-Chip Components
----------------------

+--------------------------+-----------+----------+-----------+-----------------+
| On-Chip                  | Power (W) | Used     | Available | Utilization (%) |
+--------------------------+-----------+----------+-----------+-----------------+
| Clocks                   |     0.117 |       11 |       --- |             --- |
| Slice Logic              |     0.435 |    40938 |       --- |             --- |
|   Others                 |     0.410 |      324 |       --- |             --- |
|   LUT as Logic           |     0.022 |    16612 |    203800 |            8.15 |
|   CARRY4                 |     0.001 |      567 |     50950 |            1.11 |
|   LUT as Distributed RAM |     0.001 |     3038 |     64000 |            4.75 |
|   Register               |     0.001 |    14821 |    407600 |            3.64 |
|   F7/F8 Muxes            |    <0.001 |      729 |    203800 |            0.36 |
|   LUT as Shift Register  |    <0.001 |        3 |     64000 |           <0.01 |
| Signals                  |     0.052 |    32896 |       --- |             --- |
| Block RAM                |     0.065 |       36 |       445 |            8.09 |
| MMCM                     |     0.109 |        1 |        10 |           10.00 |
| DSPs                     |    <0.001 |        8 |       840 |            0.95 |
| I/O                      |     0.550 |      160 |       500 |           32.00 |
| XADC                     |     0.002 |        1 |       --- |             --- |
| Static Power             |     0.171 |          |           |                 |
| Total                    |     1.503 |          |           |                 |
+--------------------------+-----------+----------+-----------+-----------------+


1.2 Power Supply Summary
------------------------

+-----------+-------------+-----------+-------------+------------+
| Source    | Voltage (V) | Total (A) | Dynamic (A) | Static (A) |
+-----------+-------------+-----------+-------------+------------+
| Vccint    |       1.000 |     0.353 |       0.276 |      0.077 |
| Vccaux    |       1.800 |     0.452 |       0.424 |      0.029 |
| Vcco33    |       3.300 |     0.000 |       0.000 |      0.000 |
| Vcco25    |       2.500 |     0.005 |       0.004 |      0.001 |
| Vcco18    |       1.800 |     0.000 |       0.000 |      0.000 |
| Vcco15    |       1.500 |     0.171 |       0.170 |      0.001 |
| Vcco135   |       1.350 |     0.000 |       0.000 |      0.000 |
| Vcco12    |       1.200 |     0.000 |       0.000 |      0.000 |
| Vccaux_io |       2.000 |     0.012 |       0.012 |      0.000 |
| Vccbram   |       1.000 |     0.007 |       0.004 |      0.003 |
| MGTAVcc   |       1.000 |     0.000 |       0.000 |      0.000 |
| MGTAVtt   |       1.200 |     0.000 |       0.000 |      0.000 |
| MGTVccaux |       1.800 |     0.000 |       0.000 |      0.000 |
| Vccadc    |       1.800 |     0.021 |       0.001 |      0.020 |
+-----------+-------------+-----------+-------------+------------+


1.3 Confidence Level
--------------------

+-----------------------------+------------+--------------------------------------------------------+------------------------------------------------------------------------------------------------------------+
| User Input Data             | Confidence | Details                                                | Action                                                                                                     |
+-----------------------------+------------+--------------------------------------------------------+------------------------------------------------------------------------------------------------------------+
| Design implementation state | High       | Design is routed                                       |                                                                                                            |
| Clock nodes activity        | High       | User specified more than 95% of clocks                 |                                                                                                            |
| I/O nodes activity          | Low        | More than 75% of inputs are missing user specification | Provide missing input activity with simulation results or by editing the "By Resource Type -> I/Os" view   |
| Internal nodes activity     | Medium     | User specified less than 25% of internal nodes         | Provide missing internal nodes activity with simulation results or by editing the "By Resource Type" views |
| Device models               | High       | Device models are Production                           |                                                                                                            |
|                             |            |                                                        |                                                                                                            |
| Overall confidence level    | Low        |                                                        |                                                                                                            |
+-----------------------------+------------+--------------------------------------------------------+------------------------------------------------------------------------------------------------------------+


2. Settings
-----------

2.1 Environment
---------------

+-----------------------+--------------------------+
| Ambient Temp (C)      | 25.0                     |
| ThetaJA (C/W)         | 1.8                      |
| Airflow (LFM)         | 250                      |
| Heat Sink             | medium (Medium Profile)  |
| ThetaSA (C/W)         | 3.3                      |
| Board Selection       | medium (10"x10")         |
| # of Board Layers     | 12to15 (12 to 15 Layers) |
| Board Temperature (C) | 25.0                     |
+-----------------------+--------------------------+


2.2 Clock Constraints
---------------------

+------------------+------------------+-----------------+
| Clock            | Domain           | Constraint (ns) |
+------------------+------------------+-----------------+
| clk200_p         | clk200_p         |             5.0 |
| crg_clkout0      | crg_clkout0      |             8.0 |
| crg_clkout1      | crg_clkout1      |             2.0 |
| crg_clkout2      | crg_clkout2      |             5.0 |
| eth_clocks_rx    | eth_clocks_rx    |             8.0 |
| eth_clocks_tx    | eth_clocks_tx    |             8.0 |
| eth_rx_clk       | eth_rx_clk       |             8.0 |
| eth_tx_clk       | eth_tx_clk       |             8.0 |
| soclinux_mmcm_fb | soclinux_mmcm_fb |             5.0 |
+------------------+------------------+-----------------+


3. Detailed Reports
-------------------

3.1 By Hierarchy
----------------

+------------------------------------------------------------------------------------+-----------+
| Name                                                                               | Power (W) |
+------------------------------------------------------------------------------------+-----------+
| kc705                                                                              |     1.332 |
|   IOBUF                                                                            |     0.003 |
|   IOBUFDS                                                                          |     0.004 |
|     OBUFTDS                                                                        |     0.002 |
|   IOBUFDS_1                                                                        |     0.004 |
|     OBUFTDS                                                                        |     0.002 |
|   IOBUFDS_2                                                                        |     0.004 |
|     OBUFTDS                                                                        |     0.002 |
|   IOBUFDS_3                                                                        |     0.004 |
|     OBUFTDS                                                                        |     0.002 |
|   IOBUFDS_4                                                                        |     0.004 |
|     OBUFTDS                                                                        |     0.002 |
|   IOBUFDS_5                                                                        |     0.004 |
|     OBUFTDS                                                                        |     0.002 |
|   IOBUFDS_6                                                                        |     0.004 |
|     OBUFTDS                                                                        |     0.002 |
|   IOBUFDS_7                                                                        |     0.004 |
|     OBUFTDS                                                                        |     0.002 |
|   IOBUF_1                                                                          |     0.003 |
|   IOBUF_10                                                                         |     0.003 |
|   IOBUF_11                                                                         |     0.003 |
|   IOBUF_12                                                                         |     0.003 |
|   IOBUF_13                                                                         |     0.003 |
|   IOBUF_14                                                                         |     0.003 |
|   IOBUF_15                                                                         |     0.003 |
|   IOBUF_16                                                                         |     0.003 |
|   IOBUF_17                                                                         |     0.003 |
|   IOBUF_18                                                                         |     0.003 |
|   IOBUF_19                                                                         |     0.003 |
|   IOBUF_2                                                                          |     0.003 |
|   IOBUF_20                                                                         |     0.003 |
|   IOBUF_21                                                                         |     0.003 |
|   IOBUF_22                                                                         |     0.003 |
|   IOBUF_23                                                                         |     0.003 |
|   IOBUF_24                                                                         |     0.003 |
|   IOBUF_25                                                                         |     0.003 |
|   IOBUF_26                                                                         |     0.003 |
|   IOBUF_27                                                                         |     0.003 |
|   IOBUF_28                                                                         |     0.003 |
|   IOBUF_29                                                                         |     0.003 |
|   IOBUF_3                                                                          |     0.003 |
|   IOBUF_30                                                                         |     0.003 |
|   IOBUF_31                                                                         |     0.003 |
|   IOBUF_32                                                                         |     0.003 |
|   IOBUF_33                                                                         |     0.003 |
|   IOBUF_34                                                                         |     0.003 |
|   IOBUF_35                                                                         |     0.003 |
|   IOBUF_36                                                                         |     0.003 |
|   IOBUF_37                                                                         |     0.003 |
|   IOBUF_38                                                                         |     0.003 |
|   IOBUF_39                                                                         |     0.003 |
|   IOBUF_4                                                                          |     0.003 |
|   IOBUF_40                                                                         |     0.003 |
|   IOBUF_41                                                                         |     0.003 |
|   IOBUF_42                                                                         |     0.003 |
|   IOBUF_43                                                                         |     0.003 |
|   IOBUF_44                                                                         |     0.003 |
|   IOBUF_45                                                                         |     0.003 |
|   IOBUF_46                                                                         |     0.003 |
|   IOBUF_47                                                                         |     0.003 |
|   IOBUF_48                                                                         |     0.003 |
|   IOBUF_49                                                                         |     0.003 |
|   IOBUF_5                                                                          |     0.003 |
|   IOBUF_50                                                                         |     0.003 |
|   IOBUF_51                                                                         |     0.003 |
|   IOBUF_52                                                                         |     0.003 |
|   IOBUF_53                                                                         |     0.003 |
|   IOBUF_54                                                                         |     0.003 |
|   IOBUF_55                                                                         |     0.003 |
|   IOBUF_56                                                                         |     0.003 |
|   IOBUF_57                                                                         |     0.003 |
|   IOBUF_58                                                                         |     0.003 |
|   IOBUF_59                                                                         |     0.003 |
|   IOBUF_6                                                                          |     0.003 |
|   IOBUF_60                                                                         |     0.003 |
|   IOBUF_61                                                                         |     0.003 |
|   IOBUF_62                                                                         |     0.003 |
|   IOBUF_63                                                                         |     0.003 |
|   IOBUF_7                                                                          |     0.003 |
|   IOBUF_8                                                                          |     0.003 |
|   IOBUF_9                                                                          |     0.003 |
|   OBUFDS                                                                           |     0.003 |
|   VexRiscvLitexSmpCluster_Cc2_Iw64Is8192Iy2_Dw64Ds8192Dy2_ITs4DTs4_Ldw512_Cdma_Ood |     0.095 |
|     clint_logic                                                                    |     0.001 |
|     cores_0_cpu_logic_cpu                                                          |     0.018 |
|       IBusCachedPlugin_cache                                                       |     0.004 |
|       dataCache_2                                                                  |     0.003 |
|     cores_1_cpu_logic_cpu                                                          |     0.020 |
|       IBusCachedPlugin_cache                                                       |     0.004 |
|       dataCache_2                                                                  |     0.005 |
|     dBridge_logic                                                                  |     0.011 |
|       io_input_upSizer                                                             |     0.001 |
|       io_output_rdata_fifo                                                         |     0.006 |
|       streamFifoLowLatency_4                                                       |     0.002 |
|     dBusNonCoherent_bmb_decoder                                                    |     0.006 |
|       portsLogic_0_rspFifo                                                         |     0.002 |
|       portsLogic_1_rspFifo                                                         |     0.002 |
|     iBridge_logic                                                                  |     0.006 |
|       io_output_rdata_fifo                                                         |     0.005 |
|     peripheralBridge_logic                                                         |     0.019 |
+------------------------------------------------------------------------------------+-----------+


