This file contains any messages produced by compilers while
running configure, to aid debugging if configure makes a mistake.

It was created by openocd configure 0.12.0-rc2+dev, which was
generated by GNU Autoconf 2.69.  Invocation command line was

  $ ./configure --enable-ftdi

## --------- ##
## Platform. ##
## --------- ##

hostname = riolet
uname -m = x86_64
uname -r = 5.15.0-56-generic
uname -s = Linux
uname -v = #62~20.04.1-Ubuntu SMP Tue Nov 22 21:24:20 UTC 2022

/usr/bin/uname -p = x86_64
/bin/uname -X     = unknown

/bin/arch              = x86_64
/usr/bin/arch -k       = unknown
/usr/convex/getsysinfo = unknown
/usr/bin/hostinfo      = unknown
/bin/machine           = unknown
/usr/bin/oslevel       = unknown
/bin/universe          = unknown

PATH: /tools/Xilinx/SDK/2018.3/bin
PATH: /tools/Xilinx/SDK/2018.3/gnu/microblaze/lin/bin
PATH: /tools/Xilinx/SDK/2018.3/gnu/arm/lin/bin
PATH: /tools/Xilinx/SDK/2018.3/gnu/microblaze/linux_toolchain/lin64_le/bin
PATH: /tools/Xilinx/SDK/2018.3/gnu/aarch32/lin/gcc-arm-linux-gnueabi/bin
PATH: /tools/Xilinx/SDK/2018.3/gnu/aarch32/lin/gcc-arm-none-eabi/bin
PATH: /tools/Xilinx/SDK/2018.3/gnu/aarch64/lin/aarch64-linux/bin
PATH: /tools/Xilinx/SDK/2018.3/gnu/aarch64/lin/aarch64-none/bin
PATH: /tools/Xilinx/SDK/2018.3/gnu/armr5/lin/gcc-arm-none-eabi/bin
PATH: /tools/Xilinx/SDK/2018.3/tps/lnx64/cmake-3.3.2/bin
PATH: /tools/Xilinx/Vivado/2018.3/bin
PATH: /tools/Xilinx/DocNav
PATH: /home/riolet/.local/bin
PATH: /usr/local/sbin
PATH: /usr/local/bin
PATH: /usr/sbin
PATH: /usr/bin
PATH: /sbin
PATH: /bin
PATH: /usr/games
PATH: /usr/local/games
PATH: /snap/bin
PATH: /home/riolet/LiteX/riscv64-unknown-elf-gcc-8.3.0-2019.08.0-x86_64-linux-ubuntu14/bin/
PATH: /home/riolet/LiteX/linux-on-litex-vexriscv/riscv64-unknown-elf-gcc-10.1.0-2020.08.2-x86_64-linux-ubuntu14/bin/


## ----------- ##
## Core tests. ##
## ----------- ##

configure:2647: checking for makeinfo
configure:2677: result: no
configure:2685: WARNING: Info documentation will not be built.
configure:2707: checking for a BSD-compatible install
configure:2775: result: /usr/bin/install -c
configure:2786: checking whether build environment is sane
configure:2841: result: yes
configure:2990: checking for a thread-safe mkdir -p
configure:3029: result: /usr/bin/mkdir -p
configure:3036: checking for gawk
configure:3066: result: no
configure:3036: checking for mawk
configure:3052: found /usr/bin/mawk
configure:3063: result: mawk
configure:3074: checking whether make sets $(MAKE)
configure:3096: result: yes
configure:3125: checking whether make supports nested variables
configure:3142: result: yes
configure:3326: checking for gcc
configure:3342: found /usr/bin/gcc
configure:3353: result: gcc
configure:3582: checking for C compiler version
configure:3591: gcc --version >&5
gcc (Ubuntu 9.4.0-1ubuntu1~20.04.1) 9.4.0
Copyright (C) 2019 Free Software Foundation, Inc.
This is free software; see the source for copying conditions.  There is NO
warranty; not even for MERCHANTABILITY or FITNESS FOR A PARTICULAR PURPOSE.

configure:3602: $? = 0
configure:3591: gcc -v >&5
Using built-in specs.
COLLECT_GCC=gcc
COLLECT_LTO_WRAPPER=/usr/lib/gcc/x86_64-linux-gnu/9/lto-wrapper
OFFLOAD_TARGET_NAMES=nvptx-none:hsa
OFFLOAD_TARGET_DEFAULT=1
Target: x86_64-linux-gnu
Configured with: ../src/configure -v --with-pkgversion='Ubuntu 9.4.0-1ubuntu1~20.04.1' --with-bugurl=file:///usr/share/doc/gcc-9/README.Bugs --enable-languages=c,ada,c++,go,brig,d,fortran,objc,obj-c++,gm2 --prefix=/usr --with-gcc-major-version-only --program-suffix=-9 --program-prefix=x86_64-linux-gnu- --enable-shared --enable-linker-build-id --libexecdir=/usr/lib --without-included-gettext --enable-threads=posix --libdir=/usr/lib --enable-nls --enable-clocale=gnu --enable-libstdcxx-debug --enable-libstdcxx-time=yes --with-default-libstdcxx-abi=new --enable-gnu-unique-object --disable-vtable-verify --enable-plugin --enable-default-pie --with-system-zlib --with-target-system-zlib=auto --enable-objc-gc=auto --enable-multiarch --disable-werror --with-arch-32=i686 --with-abi=m64 --with-multilib-list=m32,m64,mx32 --enable-multilib --with-tune=generic --enable-offload-targets=nvptx-none=/build/gcc-9-Av3uEd/gcc-9-9.4.0/debian/tmp-nvptx/usr,hsa --without-cuda-driver --enable-checking=release --build=x86_64-linux-gnu --host=x86_64-linux-gnu --target=x86_64-linux-gnu
Thread model: posix
gcc version 9.4.0 (Ubuntu 9.4.0-1ubuntu1~20.04.1) 
configure:3602: $? = 0
configure:3591: gcc -V >&5
gcc: error: unrecognized command line option '-V'
gcc: fatal error: no input files
compilation terminated.
configure:3602: $? = 1
configure:3591: gcc -qversion >&5
gcc: error: unrecognized command line option '-qversion'; did you mean '--version'?
gcc: fatal error: no input files
compilation terminated.
configure:3602: $? = 1
configure:3622: checking whether the C compiler works
configure:3644: gcc    conftest.c  >&5
configure:3648: $? = 0
configure:3696: result: yes
configure:3699: checking for C compiler default output file name
configure:3701: result: a.out
configure:3707: checking for suffix of executables
configure:3714: gcc -o conftest    conftest.c  >&5
configure:3718: $? = 0
configure:3740: result: 
configure:3762: checking whether we are cross compiling
configure:3770: gcc -o conftest    conftest.c  >&5
configure:3774: $? = 0
configure:3781: ./conftest
configure:3785: $? = 0
configure:3773: result: no
configure:3778: checking for suffix of object files
configure:3800: gcc -c   conftest.c >&5
configure:3804: $? = 0
configure:3825: result: o
configure:3829: checking whether we are using the GNU C compiler
configure:3848: gcc -c   conftest.c >&5
configure:3848: $? = 0
configure:3857: result: yes
configure:3866: checking whether gcc accepts -g
configure:3886: gcc -c -g  conftest.c >&5
configure:3886: $? = 0
configure:3927: result: yes
configure:3944: checking for gcc option to accept ISO C89
configure:4007: gcc  -c -g -O2  conftest.c >&5
configure:4007: $? = 0
configure:4020: result: none needed
configure:4045: checking whether gcc understands -c and -o together
configure:4067: gcc -c conftest.c -o conftest2.o
configure:4070: $? = 0
configure:4067: gcc -c conftest.c -o conftest2.o
configure:4070: $? = 0
configure:4082: result: yes
configure:4102: checking whether make supports the include directive
configure:4117: make -f confmf.GNU && cat confinc.out
this is the am__doit target
configure:4120: $? = 0
configure:4139: result: yes (GNU style)
configure:4164: checking dependency style of gcc
configure:4275: result: gcc3
configure:4291: checking for gcc option to accept ISO C99
configure:4440: gcc  -c -g -O2  conftest.c >&5
configure:4440: $? = 0
configure:4453: result: none needed
configure:4512: checking for ranlib
configure:4528: found /usr/bin/ranlib
configure:4539: result: ranlib
configure:4619: checking for pkg-config
configure:4637: found /usr/bin/pkg-config
configure:4649: result: /usr/bin/pkg-config
configure:4674: checking pkg-config is at least version 0.23
configure:4677: result: yes
configure:4749: checking build system type
configure:4763: result: x86_64-pc-linux-gnu
configure:4783: checking host system type
configure:4796: result: x86_64-pc-linux-gnu
configure:4837: checking how to print strings
configure:4864: result: printf
configure:4885: checking for a sed that does not truncate output
configure:4949: result: /usr/bin/sed
configure:4967: checking for grep that handles long lines and -e
configure:5025: result: /usr/bin/grep
configure:5030: checking for egrep
configure:5092: result: /usr/bin/grep -E
configure:5097: checking for fgrep
configure:5159: result: /usr/bin/grep -F
configure:5194: checking for ld used by gcc
configure:5261: result: /usr/bin/ld
configure:5268: checking if the linker (/usr/bin/ld) is GNU ld
configure:5283: result: yes
configure:5295: checking for BSD- or MS-compatible name lister (nm)
configure:5349: result: /usr/bin/nm -B
configure:5479: checking the name lister (/usr/bin/nm -B) interface
configure:5486: gcc -c -g -O2  conftest.c >&5
configure:5489: /usr/bin/nm -B "conftest.o"
configure:5492: output
0000000000000000 B some_variable
configure:5493: result: BSD nm
configure:5496: checking whether ln -s works
configure:5500: result: yes
configure:5508: checking the maximum length of command line arguments
configure:5639: result: 1572864
configure:5687: checking how to convert x86_64-pc-linux-gnu file names to x86_64-pc-linux-gnu format
configure:5727: result: func_convert_file_noop
configure:5734: checking how to convert x86_64-pc-linux-gnu file names to toolchain format
configure:5754: result: func_convert_file_noop
configure:5761: checking for /usr/bin/ld option to reload object files
configure:5768: result: -r
configure:5842: checking for objdump
configure:5858: found /usr/bin/objdump
configure:5869: result: objdump
configure:5901: checking how to recognize dependent libraries
configure:6101: result: pass_all
configure:6186: checking for dlltool
configure:6216: result: no
configure:6246: checking how to associate runtime and link libraries
configure:6273: result: printf %s\n
configure:6334: checking for ar
configure:6350: found /usr/bin/ar
configure:6361: result: ar
configure:6398: checking for archiver @FILE support
configure:6415: gcc -c -g -O2  conftest.c >&5
configure:6415: $? = 0
configure:6418: ar cr libconftest.a @conftest.lst >&5
configure:6421: $? = 0
configure:6426: ar cr libconftest.a @conftest.lst >&5
ar: conftest.o: No such file or directory
configure:6429: $? = 1
configure:6428: result: @
configure:6486: checking for strip
configure:6502: found /usr/bin/strip
configure:6513: result: strip
configure:6585: checking for ranlib
configure:6612: result: ranlib
configure:6714: checking command to parse /usr/bin/nm -B output from gcc object
configure:6867: gcc -c -g -O2  conftest.c >&5
configure:6870: $? = 0
configure:6874: /usr/bin/nm -B conftest.o | sed -n -e 's/^.*[	 ]\([ABCDGIRSTW][ABCDGIRSTW]*\)[	 ][	 ]*\([_A-Za-z][_A-Za-z0-9]*\)$/\1 \2 \2/p' | sed '/ __gnu_lto/d' > conftest.nm
configure:6940: gcc -o conftest -g -O2   conftest.c conftstm.o >&5
configure:6943: $? = 0
configure:6981: result: ok
configure:7028: checking for sysroot
configure:7058: result: no
configure:7065: checking for a working dd
configure:7103: result: /usr/bin/dd
configure:7107: checking how to truncate binary pipes
configure:7122: result: /usr/bin/dd bs=4096 count=1
configure:7258: gcc -c -g -O2  conftest.c >&5
configure:7261: $? = 0
configure:7451: checking for mt
configure:7467: found /usr/bin/mt
configure:7478: result: mt
configure:7501: checking if mt is a manifest tool
configure:7507: mt '-?'
configure:7515: result: no
configure:8192: checking how to run the C preprocessor
configure:8223: gcc -E  conftest.c
configure:8223: $? = 0
configure:8237: gcc -E  conftest.c
conftest.c:11:10: fatal error: ac_nonexistent.h: No such file or directory
   11 | #include <ac_nonexistent.h>
      |          ^~~~~~~~~~~~~~~~~~
compilation terminated.
configure:8237: $? = 1
configure: failed program was:
| /* confdefs.h */
| #define PACKAGE_NAME "openocd"
| #define PACKAGE_TARNAME "openocd"
| #define PACKAGE_VERSION "0.12.0-rc2+dev"
| #define PACKAGE_STRING "openocd 0.12.0-rc2+dev"
| #define PACKAGE_BUGREPORT "OpenOCD Mailing List <openocd-devel@lists.sourceforge.net>"
| #define PACKAGE_URL ""
| #define PACKAGE "openocd"
| #define VERSION "0.12.0-rc2+dev"
| /* end confdefs.h.  */
| #include <ac_nonexistent.h>
configure:8262: result: gcc -E
configure:8282: gcc -E  conftest.c
configure:8282: $? = 0
configure:8296: gcc -E  conftest.c
conftest.c:11:10: fatal error: ac_nonexistent.h: No such file or directory
   11 | #include <ac_nonexistent.h>
      |          ^~~~~~~~~~~~~~~~~~
compilation terminated.
configure:8296: $? = 1
configure: failed program was:
| /* confdefs.h */
| #define PACKAGE_NAME "openocd"
| #define PACKAGE_TARNAME "openocd"
| #define PACKAGE_VERSION "0.12.0-rc2+dev"
| #define PACKAGE_STRING "openocd 0.12.0-rc2+dev"
| #define PACKAGE_BUGREPORT "OpenOCD Mailing List <openocd-devel@lists.sourceforge.net>"
| #define PACKAGE_URL ""
| #define PACKAGE "openocd"
| #define VERSION "0.12.0-rc2+dev"
| /* end confdefs.h.  */
| #include <ac_nonexistent.h>
configure:8325: checking for ANSI C header files
configure:8345: gcc -c -g -O2  conftest.c >&5
configure:8345: $? = 0
configure:8418: gcc -o conftest -g -O2   conftest.c  >&5
configure:8418: $? = 0
configure:8418: ./conftest
configure:8418: $? = 0
configure:8429: result: yes
configure:8442: checking for sys/types.h
configure:8442: gcc -c -g -O2  conftest.c >&5
configure:8442: $? = 0
configure:8442: result: yes
configure:8442: checking for sys/stat.h
configure:8442: gcc -c -g -O2  conftest.c >&5
configure:8442: $? = 0
configure:8442: result: yes
configure:8442: checking for stdlib.h
configure:8442: gcc -c -g -O2  conftest.c >&5
configure:8442: $? = 0
configure:8442: result: yes
configure:8442: checking for string.h
configure:8442: gcc -c -g -O2  conftest.c >&5
configure:8442: $? = 0
configure:8442: result: yes
configure:8442: checking for memory.h
configure:8442: gcc -c -g -O2  conftest.c >&5
configure:8442: $? = 0
configure:8442: result: yes
configure:8442: checking for strings.h
configure:8442: gcc -c -g -O2  conftest.c >&5
configure:8442: $? = 0
configure:8442: result: yes
configure:8442: checking for inttypes.h
configure:8442: gcc -c -g -O2  conftest.c >&5
configure:8442: $? = 0
configure:8442: result: yes
configure:8442: checking for stdint.h
configure:8442: gcc -c -g -O2  conftest.c >&5
configure:8442: $? = 0
configure:8442: result: yes
configure:8442: checking for unistd.h
configure:8442: gcc -c -g -O2  conftest.c >&5
configure:8442: $? = 0
configure:8442: result: yes
configure:8456: checking for dlfcn.h
configure:8456: gcc -c -g -O2  conftest.c >&5
configure:8456: $? = 0
configure:8456: result: yes
configure:8682: checking for objdir
configure:8697: result: .libs
configure:8957: checking if gcc supports -fno-rtti -fno-exceptions
configure:8975: gcc -c -g -O2  -fno-rtti -fno-exceptions conftest.c >&5
cc1: warning: command line option '-fno-rtti' is valid for C++/D/ObjC++ but not for C
configure:8979: $? = 0
configure:8992: result: no
configure:9356: checking for gcc option to produce PIC
configure:9363: result: -fPIC -DPIC
configure:9371: checking if gcc PIC flag -fPIC -DPIC works
configure:9389: gcc -c -g -O2  -fPIC -DPIC -DPIC conftest.c >&5
configure:9393: $? = 0
configure:9406: result: yes
configure:9435: checking if gcc static flag -static works
configure:9463: result: yes
configure:9478: checking if gcc supports -c -o file.o
configure:9499: gcc -c -g -O2  -o out/conftest2.o conftest.c >&5
configure:9503: $? = 0
configure:9525: result: yes
configure:9533: checking if gcc supports -c -o file.o
configure:9580: result: yes
configure:9613: checking whether the gcc linker (/usr/bin/ld -m elf_x86_64) supports shared libraries
configure:10876: result: yes
configure:11116: checking dynamic linker characteristics
configure:11697: gcc -o conftest -g -O2   -Wl,-rpath -Wl,/foo conftest.c  >&5
configure:11697: $? = 0
configure:11946: result: GNU/Linux ld.so
configure:12068: checking how to hardcode library paths into programs
configure:12093: result: immediate
configure:12641: checking whether stripping libraries is possible
configure:12646: result: yes
configure:12681: checking if libtool supports shared libraries
configure:12683: result: yes
configure:12686: checking whether to build shared libraries
configure:12711: result: no
configure:12714: checking whether to build static libraries
configure:12718: result: yes
configure:9533: checking for an ANSI C-conforming const
configure:9599: gcc -c -g -O2  conftest.c >&5
configure:9599: $? = 0
configure:9606: result: yes
configure:9615: checking for unsigned long long int
configure:9663: result: yes
configure:9673: checking for long long int
configure:9723: result: yes
configure:9732: checking for library containing ioperm
configure:9763: gcc -o conftest -g -O2   conftest.c  >&5
configure:9763: $? = 0
configure:9780: result: none required
configure:9788: checking for library containing dlopen
configure:9819: gcc -o conftest -g -O2   conftest.c  >&5
/usr/bin/ld: /tmp/ccM8Z8zV.o: in function `main':
/home/riolet/litex/linux-on-LiteX-vexriscv/openocd/conftest.c:36: undefined reference to `dlopen'
collect2: error: ld returned 1 exit status
configure:9819: $? = 1
configure: failed program was:
| /* confdefs.h */
| #define PACKAGE_NAME "openocd"
| #define PACKAGE_TARNAME "openocd"
| #define PACKAGE_VERSION "0.12.0-rc2+dev"
| #define PACKAGE_STRING "openocd 0.12.0-rc2+dev"
| #define PACKAGE_BUGREPORT "OpenOCD Mailing List <openocd-devel@lists.sourceforge.net>"
| #define PACKAGE_URL ""
| #define PACKAGE "openocd"
| #define VERSION "0.12.0-rc2+dev"
| #define STDC_HEADERS 1
| #define HAVE_SYS_TYPES_H 1
| #define HAVE_SYS_STAT_H 1
| #define HAVE_STDLIB_H 1
| #define HAVE_STRING_H 1
| #define HAVE_MEMORY_H 1
| #define HAVE_STRINGS_H 1
| #define HAVE_INTTYPES_H 1
| #define HAVE_STDINT_H 1
| #define HAVE_UNISTD_H 1
| #define HAVE_DLFCN_H 1
| #define LT_OBJDIR ".libs/"
| #define HAVE_UNSIGNED_LONG_LONG_INT 1
| #define HAVE_LONG_LONG_INT 1
| /* end confdefs.h.  */
| 
| /* Override any GCC internal prototype to avoid an error.
|    Use char because int might match the return type of a GCC
|    builtin and then its argument prototype would still apply.  */
| #ifdef __cplusplus
| extern "C"
| #endif
| char dlopen ();
| int
| main ()
| {
| return dlopen ();
|   ;
|   return 0;
| }
configure:9819: gcc -o conftest -g -O2   conftest.c -ldl   >&5
configure:9819: $? = 0
configure:9836: result: -ldl
configure:9844: checking for library containing openpty
configure:9875: gcc -o conftest -g -O2   conftest.c -ldl  >&5
/usr/bin/ld: /tmp/ccJNK9iJ.o: in function `main':
/home/riolet/litex/linux-on-LiteX-vexriscv/openocd/conftest.c:36: undefined reference to `openpty'
collect2: error: ld returned 1 exit status
configure:9875: $? = 1
configure: failed program was:
| /* confdefs.h */
| #define PACKAGE_NAME "openocd"
| #define PACKAGE_TARNAME "openocd"
| #define PACKAGE_VERSION "0.12.0-rc2+dev"
| #define PACKAGE_STRING "openocd 0.12.0-rc2+dev"
| #define PACKAGE_BUGREPORT "OpenOCD Mailing List <openocd-devel@lists.sourceforge.net>"
| #define PACKAGE_URL ""
| #define PACKAGE "openocd"
| #define VERSION "0.12.0-rc2+dev"
| #define STDC_HEADERS 1
| #define HAVE_SYS_TYPES_H 1
| #define HAVE_SYS_STAT_H 1
| #define HAVE_STDLIB_H 1
| #define HAVE_STRING_H 1
| #define HAVE_MEMORY_H 1
| #define HAVE_STRINGS_H 1
| #define HAVE_INTTYPES_H 1
| #define HAVE_STDINT_H 1
| #define HAVE_UNISTD_H 1
| #define HAVE_DLFCN_H 1
| #define LT_OBJDIR ".libs/"
| #define HAVE_UNSIGNED_LONG_LONG_INT 1
| #define HAVE_LONG_LONG_INT 1
| /* end confdefs.h.  */
| 
| /* Override any GCC internal prototype to avoid an error.
|    Use char because int might match the return type of a GCC
|    builtin and then its argument prototype would still apply.  */
| #ifdef __cplusplus
| extern "C"
| #endif
| char openpty ();
| int
| main ()
| {
| return openpty ();
|   ;
|   return 0;
| }
configure:9875: gcc -o conftest -g -O2   conftest.c -lutil  -ldl  >&5
configure:9875: $? = 0
configure:9892: result: -lutil
configure:9903: checking sys/socket.h usability
configure:9903: gcc -c -g -O2  conftest.c >&5
configure:9903: $? = 0
configure:9903: result: yes
configure:9903: checking sys/socket.h presence
configure:9903: gcc -E  conftest.c
configure:9903: $? = 0
configure:9903: result: yes
configure:9903: checking for sys/socket.h
configure:9903: result: yes
configure:9915: checking elf.h usability
configure:9915: gcc -c -g -O2  conftest.c >&5
configure:9915: $? = 0
configure:9915: result: yes
configure:9915: checking elf.h presence
configure:9915: gcc -E  conftest.c
configure:9915: $? = 0
configure:9915: result: yes
configure:9915: checking for elf.h
configure:9915: result: yes
configure:9942: checking fcntl.h usability
configure:9942: gcc -c -g -O2  conftest.c >&5
configure:9942: $? = 0
configure:9942: result: yes
configure:9942: checking fcntl.h presence
configure:9942: gcc -E  conftest.c
configure:9942: $? = 0
configure:9942: result: yes
configure:9942: checking for fcntl.h
configure:9942: result: yes
configure:9954: checking malloc.h usability
configure:9954: gcc -c -g -O2  conftest.c >&5
configure:9954: $? = 0
configure:9954: result: yes
configure:9954: checking malloc.h presence
configure:9954: gcc -E  conftest.c
configure:9954: $? = 0
configure:9954: result: yes
configure:9954: checking for malloc.h
configure:9954: result: yes
configure:9966: checking netdb.h usability
configure:9966: gcc -c -g -O2  conftest.c >&5
configure:9966: $? = 0
configure:9966: result: yes
configure:9966: checking netdb.h presence
configure:9966: gcc -E  conftest.c
configure:9966: $? = 0
configure:9966: result: yes
configure:9966: checking for netdb.h
configure:9966: result: yes
configure:9978: checking poll.h usability
configure:9978: gcc -c -g -O2  conftest.c >&5
configure:9978: $? = 0
configure:9978: result: yes
configure:9978: checking poll.h presence
configure:9978: gcc -E  conftest.c
configure:9978: $? = 0
configure:9978: result: yes
configure:9978: checking for poll.h
configure:9978: result: yes
configure:9990: checking for strings.h
configure:9990: result: yes
configure:10002: checking sys/ioctl.h usability
configure:10002: gcc -c -g -O2  conftest.c >&5
configure:10002: $? = 0
configure:10002: result: yes
configure:10002: checking sys/ioctl.h presence
configure:10002: gcc -E  conftest.c
configure:10002: $? = 0
configure:10002: result: yes
configure:10002: checking for sys/ioctl.h
configure:10002: result: yes
configure:10014: checking sys/param.h usability
configure:10014: gcc -c -g -O2  conftest.c >&5
configure:10014: $? = 0
configure:10014: result: yes
configure:10014: checking sys/param.h presence
configure:10014: gcc -E  conftest.c
configure:10014: $? = 0
configure:10014: result: yes
configure:10014: checking for sys/param.h
configure:10014: result: yes
configure:10026: checking sys/select.h usability
configure:10026: gcc -c -g -O2  conftest.c >&5
configure:10026: $? = 0
configure:10026: result: yes
configure:10026: checking sys/select.h presence
configure:10026: gcc -E  conftest.c
configure:10026: $? = 0
configure:10026: result: yes
configure:10026: checking for sys/select.h
configure:10026: result: yes
configure:10038: checking for sys/stat.h
configure:10038: result: yes
configure:10050: checking sys/sysctl.h usability
configure:10050: gcc -c -g -O2  conftest.c >&5
In file included from conftest.c:70:
/usr/include/x86_64-linux-gnu/sys/sysctl.h:21:2: warning: #warning "The <sys/sysctl.h> header is deprecated and will be removed." [-Wcpp]
   21 | #warning "The <sys/sysctl.h> header is deprecated and will be removed."
      |  ^~~~~~~
configure:10050: $? = 0
configure:10050: result: yes
configure:10050: checking sys/sysctl.h presence
configure:10050: gcc -E  conftest.c
In file included from conftest.c:37:
/usr/include/x86_64-linux-gnu/sys/sysctl.h:21:2: warning: #warning "The <sys/sysctl.h> header is deprecated and will be removed." [-Wcpp]
   21 | #warning "The <sys/sysctl.h> header is deprecated and will be removed."
      |  ^~~~~~~
configure:10050: $? = 0
configure:10050: result: yes
configure:10050: checking for sys/sysctl.h
configure:10050: result: yes
configure:10062: checking sys/time.h usability
configure:10062: gcc -c -g -O2  conftest.c >&5
configure:10062: $? = 0
configure:10062: result: yes
configure:10062: checking sys/time.h presence
configure:10062: gcc -E  conftest.c
configure:10062: $? = 0
configure:10062: result: yes
configure:10062: checking for sys/time.h
configure:10062: result: yes
configure:10074: checking for sys/types.h
configure:10074: result: yes
configure:10086: checking for unistd.h
configure:10086: result: yes
configure:10099: checking for arpa/inet.h
configure:10099: gcc -c -g -O2  conftest.c >&5
configure:10099: $? = 0
configure:10099: result: yes
configure:10099: checking for netinet/in.h
configure:10099: gcc -c -g -O2  conftest.c >&5
configure:10099: $? = 0
configure:10099: result: yes
configure:10099: checking for netinet/tcp.h
configure:10099: gcc -c -g -O2  conftest.c >&5
configure:10099: $? = 0
configure:10099: result: yes
configure:10124: checking whether to enable assertions
configure:10142: result: yes
configure:10145: checking for stdbool.h that conforms to C99
configure:10212: gcc -c -g -O2  conftest.c >&5
configure:10212: $? = 0
configure:10219: result: yes
configure:10221: checking for _Bool
configure:10221: gcc -c -g -O2  conftest.c >&5
configure:10221: $? = 0
configure:10221: gcc -c -g -O2  conftest.c >&5
conftest.c: In function 'main':
conftest.c:80:20: error: expected expression before ')' token
   80 | if (sizeof ((_Bool)))
      |                    ^
configure:10221: $? = 1
configure: failed program was:
| /* confdefs.h */
| #define PACKAGE_NAME "openocd"
| #define PACKAGE_TARNAME "openocd"
| #define PACKAGE_VERSION "0.12.0-rc2+dev"
| #define PACKAGE_STRING "openocd 0.12.0-rc2+dev"
| #define PACKAGE_BUGREPORT "OpenOCD Mailing List <openocd-devel@lists.sourceforge.net>"
| #define PACKAGE_URL ""
| #define PACKAGE "openocd"
| #define VERSION "0.12.0-rc2+dev"
| #define STDC_HEADERS 1
| #define HAVE_SYS_TYPES_H 1
| #define HAVE_SYS_STAT_H 1
| #define HAVE_STDLIB_H 1
| #define HAVE_STRING_H 1
| #define HAVE_MEMORY_H 1
| #define HAVE_STRINGS_H 1
| #define HAVE_INTTYPES_H 1
| #define HAVE_STDINT_H 1
| #define HAVE_UNISTD_H 1
| #define HAVE_DLFCN_H 1
| #define LT_OBJDIR ".libs/"
| #define HAVE_UNSIGNED_LONG_LONG_INT 1
| #define HAVE_LONG_LONG_INT 1
| #define HAVE_SYS_SOCKET_H 1
| #define HAVE_ELF_H 1
| #define HAVE_ELF64 1
| #define HAVE_FCNTL_H 1
| #define HAVE_MALLOC_H 1
| #define HAVE_NETDB_H 1
| #define HAVE_POLL_H 1
| #define HAVE_STRINGS_H 1
| #define HAVE_SYS_IOCTL_H 1
| #define HAVE_SYS_PARAM_H 1
| #define HAVE_SYS_SELECT_H 1
| #define HAVE_SYS_STAT_H 1
| #define HAVE_SYS_SYSCTL_H 1
| #define HAVE_SYS_TIME_H 1
| #define HAVE_SYS_TYPES_H 1
| #define HAVE_UNISTD_H 1
| #define HAVE_ARPA_INET_H 1
| #define HAVE_NETINET_IN_H 1
| #define HAVE_NETINET_TCP_H 1
| /* end confdefs.h.  */
| #include <stdio.h>
| #ifdef HAVE_SYS_TYPES_H
| # include <sys/types.h>
| #endif
| #ifdef HAVE_SYS_STAT_H
| # include <sys/stat.h>
| #endif
| #ifdef STDC_HEADERS
| # include <stdlib.h>
| # include <stddef.h>
| #else
| # ifdef HAVE_STDLIB_H
| #  include <stdlib.h>
| # endif
| #endif
| #ifdef HAVE_STRING_H
| # if !defined STDC_HEADERS && defined HAVE_MEMORY_H
| #  include <memory.h>
| # endif
| # include <string.h>
| #endif
| #ifdef HAVE_STRINGS_H
| # include <strings.h>
| #endif
| #ifdef HAVE_INTTYPES_H
| # include <inttypes.h>
| #endif
| #ifdef HAVE_STDINT_H
| # include <stdint.h>
| #endif
| #ifdef HAVE_UNISTD_H
| # include <unistd.h>
| #endif
| int
| main ()
| {
| if (sizeof ((_Bool)))
| 	    return 0;
|   ;
|   return 0;
| }
configure:10221: result: yes
configure:10239: checking whether byte ordering is bigendian
configure:10254: gcc -c -g -O2  conftest.c >&5
conftest.c:47:9: error: unknown type name 'not'
   47 |         not a universal capable compiler
      |         ^~~
conftest.c:47:15: error: expected '=', ',', ';', 'asm' or '__attribute__' before 'universal'
   47 |         not a universal capable compiler
      |               ^~~~~~~~~
conftest.c:47:15: error: unknown type name 'universal'
configure:10254: $? = 1
configure: failed program was:
| /* confdefs.h */
| #define PACKAGE_NAME "openocd"
| #define PACKAGE_TARNAME "openocd"
| #define PACKAGE_VERSION "0.12.0-rc2+dev"
| #define PACKAGE_STRING "openocd 0.12.0-rc2+dev"
| #define PACKAGE_BUGREPORT "OpenOCD Mailing List <openocd-devel@lists.sourceforge.net>"
| #define PACKAGE_URL ""
| #define PACKAGE "openocd"
| #define VERSION "0.12.0-rc2+dev"
| #define STDC_HEADERS 1
| #define HAVE_SYS_TYPES_H 1
| #define HAVE_SYS_STAT_H 1
| #define HAVE_STDLIB_H 1
| #define HAVE_STRING_H 1
| #define HAVE_MEMORY_H 1
| #define HAVE_STRINGS_H 1
| #define HAVE_INTTYPES_H 1
| #define HAVE_STDINT_H 1
| #define HAVE_UNISTD_H 1
| #define HAVE_DLFCN_H 1
| #define LT_OBJDIR ".libs/"
| #define HAVE_UNSIGNED_LONG_LONG_INT 1
| #define HAVE_LONG_LONG_INT 1
| #define HAVE_SYS_SOCKET_H 1
| #define HAVE_ELF_H 1
| #define HAVE_ELF64 1
| #define HAVE_FCNTL_H 1
| #define HAVE_MALLOC_H 1
| #define HAVE_NETDB_H 1
| #define HAVE_POLL_H 1
| #define HAVE_STRINGS_H 1
| #define HAVE_SYS_IOCTL_H 1
| #define HAVE_SYS_PARAM_H 1
| #define HAVE_SYS_SELECT_H 1
| #define HAVE_SYS_STAT_H 1
| #define HAVE_SYS_SYSCTL_H 1
| #define HAVE_SYS_TIME_H 1
| #define HAVE_SYS_TYPES_H 1
| #define HAVE_UNISTD_H 1
| #define HAVE_ARPA_INET_H 1
| #define HAVE_NETINET_IN_H 1
| #define HAVE_NETINET_TCP_H 1
| #define HAVE__BOOL 1
| #define HAVE_STDBOOL_H 1
| /* end confdefs.h.  */
| #ifndef __APPLE_CC__
| 	       not a universal capable compiler
| 	     #endif
| 	     typedef int dummy;
| 
configure:10299: gcc -c -g -O2  conftest.c >&5
configure:10299: $? = 0
configure:10317: gcc -c -g -O2  conftest.c >&5
conftest.c: In function 'main':
conftest.c:53:4: error: unknown type name 'not'; did you mean 'ino_t'?
   53 |    not big endian
      |    ^~~
      |    ino_t
conftest.c:53:12: error: expected '=', ',', ';', 'asm' or '__attribute__' before 'endian'
   53 |    not big endian
      |            ^~~~~~
configure:10317: $? = 1
configure: failed program was:
| /* confdefs.h */
| #define PACKAGE_NAME "openocd"
| #define PACKAGE_TARNAME "openocd"
| #define PACKAGE_VERSION "0.12.0-rc2+dev"
| #define PACKAGE_STRING "openocd 0.12.0-rc2+dev"
| #define PACKAGE_BUGREPORT "OpenOCD Mailing List <openocd-devel@lists.sourceforge.net>"
| #define PACKAGE_URL ""
| #define PACKAGE "openocd"
| #define VERSION "0.12.0-rc2+dev"
| #define STDC_HEADERS 1
| #define HAVE_SYS_TYPES_H 1
| #define HAVE_SYS_STAT_H 1
| #define HAVE_STDLIB_H 1
| #define HAVE_STRING_H 1
| #define HAVE_MEMORY_H 1
| #define HAVE_STRINGS_H 1
| #define HAVE_INTTYPES_H 1
| #define HAVE_STDINT_H 1
| #define HAVE_UNISTD_H 1
| #define HAVE_DLFCN_H 1
| #define LT_OBJDIR ".libs/"
| #define HAVE_UNSIGNED_LONG_LONG_INT 1
| #define HAVE_LONG_LONG_INT 1
| #define HAVE_SYS_SOCKET_H 1
| #define HAVE_ELF_H 1
| #define HAVE_ELF64 1
| #define HAVE_FCNTL_H 1
| #define HAVE_MALLOC_H 1
| #define HAVE_NETDB_H 1
| #define HAVE_POLL_H 1
| #define HAVE_STRINGS_H 1
| #define HAVE_SYS_IOCTL_H 1
| #define HAVE_SYS_PARAM_H 1
| #define HAVE_SYS_SELECT_H 1
| #define HAVE_SYS_STAT_H 1
| #define HAVE_SYS_SYSCTL_H 1
| #define HAVE_SYS_TIME_H 1
| #define HAVE_SYS_TYPES_H 1
| #define HAVE_UNISTD_H 1
| #define HAVE_ARPA_INET_H 1
| #define HAVE_NETINET_IN_H 1
| #define HAVE_NETINET_TCP_H 1
| #define HAVE__BOOL 1
| #define HAVE_STDBOOL_H 1
| /* end confdefs.h.  */
| #include <sys/types.h>
| 		#include <sys/param.h>
| 
| int
| main ()
| {
| #if BYTE_ORDER != BIG_ENDIAN
| 		 not big endian
| 		#endif
| 
|   ;
|   return 0;
| }
configure:10445: result: no
configure:10466: checking for strndup
configure:10466: gcc -o conftest -g -O2   conftest.c -lutil -ldl  >&5
conftest.c:69:6: warning: conflicting types for built-in function 'strndup'; expected 'char *(const char *, long unsigned int)' [-Wbuiltin-declaration-mismatch]
   69 | char strndup ();
      |      ^~~~~~~
configure:10466: $? = 0
configure:10466: result: yes
configure:10477: checking for strnlen
configure:10477: gcc -o conftest -g -O2   conftest.c -lutil -ldl  >&5
conftest.c:70:6: warning: conflicting types for built-in function 'strnlen'; expected 'long unsigned int(const char *, long unsigned int)' [-Wbuiltin-declaration-mismatch]
   70 | char strnlen ();
      |      ^~~~~~~
configure:10477: $? = 0
configure:10477: result: yes
configure:10488: checking for gettimeofday
configure:10488: gcc -o conftest -g -O2   conftest.c -lutil -ldl  >&5
configure:10488: $? = 0
configure:10488: result: yes
configure:10499: checking for usleep
configure:10499: gcc -o conftest -g -O2   conftest.c -lutil -ldl  >&5
configure:10499: $? = 0
configure:10499: result: yes
configure:10510: checking for realpath
configure:10510: gcc -o conftest -g -O2   conftest.c -lutil -ldl  >&5
configure:10510: $? = 0
configure:10510: result: yes
configure:10521: checking whether to build a release
configure:10532: result: no
configure:10575: checking whether to build Doxygen as HTML
configure:10577: result: yes
configure:10588: checking whether to build Doxygen as PDF
configure:10590: result: no
configure:10642: checking whether to enable verbose USB I/O messages
configure:10644: result: no
configure:10654: checking whether to enable verbose USB communication messages
configure:10656: result: no
configure:10673: checking whether to enable malloc free space logging
configure:10675: result: no
configure:11578: checking for LIBUSB1
configure:11585: $PKG_CONFIG --exists --print-errors "libusb-1.0"
configure:11588: $? = 0
configure:11602: $PKG_CONFIG --exists --print-errors "libusb-1.0"
configure:11605: $? = 0
configure:11651: result: yes
configure:11659: libusb-1.0 header bug workaround: LIBUSB1_CFLAGS changed to "-isystem /usr/include/libusb-1.0"
configure:11662: $PKG_CONFIG --exists --print-errors "libusb-1.0 >= 1.0.16"
configure:11665: $? = 0
configure:11691: checking for CAPSTONE
configure:11698: $PKG_CONFIG --exists --print-errors "capstone"
Package capstone was not found in the pkg-config search path.
Perhaps you should add the directory containing `capstone.pc'
to the PKG_CONFIG_PATH environment variable
No package 'capstone' found
configure:11701: $? = 1
configure:11715: $PKG_CONFIG --exists --print-errors "capstone"
Package capstone was not found in the pkg-config search path.
Perhaps you should add the directory containing `capstone.pc'
to the PKG_CONFIG_PATH environment variable
No package 'capstone' found
configure:11718: $? = 1
configure:11732: result: no
No package 'capstone' found
configure:11788: checking for HIDAPI
configure:11795: $PKG_CONFIG --exists --print-errors "$hidapi_lib"
Package hidapi was not found in the pkg-config search path.
Perhaps you should add the directory containing `hidapi.pc'
to the PKG_CONFIG_PATH environment variable
No package 'hidapi' found
configure:11798: $? = 1
configure:11812: $PKG_CONFIG --exists --print-errors "$hidapi_lib"
Package hidapi was not found in the pkg-config search path.
Perhaps you should add the directory containing `hidapi.pc'
to the PKG_CONFIG_PATH environment variable
No package 'hidapi' found
configure:11815: $? = 1
configure:11829: result: no
No package 'hidapi' found
configure:11788: checking for HIDAPI
configure:11795: $PKG_CONFIG --exists --print-errors "$hidapi_lib"
Package hidapi-hidraw was not found in the pkg-config search path.
Perhaps you should add the directory containing `hidapi-hidraw.pc'
to the PKG_CONFIG_PATH environment variable
No package 'hidapi-hidraw' found
configure:11798: $? = 1
configure:11812: $PKG_CONFIG --exists --print-errors "$hidapi_lib"
Package hidapi-hidraw was not found in the pkg-config search path.
Perhaps you should add the directory containing `hidapi-hidraw.pc'
to the PKG_CONFIG_PATH environment variable
No package 'hidapi-hidraw' found
configure:11815: $? = 1
configure:11829: result: no
No package 'hidapi-hidraw' found
configure:11788: checking for HIDAPI
configure:11795: $PKG_CONFIG --exists --print-errors "$hidapi_lib"
Package hidapi-libusb was not found in the pkg-config search path.
Perhaps you should add the directory containing `hidapi-libusb.pc'
to the PKG_CONFIG_PATH environment variable
No package 'hidapi-libusb' found
configure:11798: $? = 1
configure:11812: $PKG_CONFIG --exists --print-errors "$hidapi_lib"
Package hidapi-libusb was not found in the pkg-config search path.
Perhaps you should add the directory containing `hidapi-libusb.pc'
to the PKG_CONFIG_PATH environment variable
No package 'hidapi-libusb' found
configure:11815: $? = 1
configure:11829: result: no
No package 'hidapi-libusb' found
configure:11868: checking for LIBFTDI
configure:11875: $PKG_CONFIG --exists --print-errors "libftdi1"
Package libftdi1 was not found in the pkg-config search path.
Perhaps you should add the directory containing `libftdi1.pc'
to the PKG_CONFIG_PATH environment variable
No package 'libftdi1' found
configure:11878: $? = 1
configure:11892: $PKG_CONFIG --exists --print-errors "libftdi1"
Package libftdi1 was not found in the pkg-config search path.
Perhaps you should add the directory containing `libftdi1.pc'
to the PKG_CONFIG_PATH environment variable
No package 'libftdi1' found
configure:11895: $? = 1
configure:11909: result: no
No package 'libftdi1' found
configure:11928: checking for LIBFTDI
configure:11935: $PKG_CONFIG --exists --print-errors "libftdi"
Package libftdi was not found in the pkg-config search path.
Perhaps you should add the directory containing `libftdi.pc'
to the PKG_CONFIG_PATH environment variable
No package 'libftdi' found
configure:11938: $? = 1
configure:11952: $PKG_CONFIG --exists --print-errors "libftdi"
Package libftdi was not found in the pkg-config search path.
Perhaps you should add the directory containing `libftdi.pc'
to the PKG_CONFIG_PATH environment variable
No package 'libftdi' found
configure:11955: $? = 1
configure:11969: result: no
No package 'libftdi' found
configure:12096: checking for LIBGPIOD
configure:12103: $PKG_CONFIG --exists --print-errors "libgpiod"
Package libgpiod was not found in the pkg-config search path.
Perhaps you should add the directory containing `libgpiod.pc'
to the PKG_CONFIG_PATH environment variable
No package 'libgpiod' found
configure:12106: $? = 1
configure:12120: $PKG_CONFIG --exists --print-errors "libgpiod"
Package libgpiod was not found in the pkg-config search path.
Perhaps you should add the directory containing `libgpiod.pc'
to the PKG_CONFIG_PATH environment variable
No package 'libgpiod' found
configure:12123: $? = 1
configure:12137: result: no
No package 'libgpiod' found
configure:12168: checking for LIBJAYLINK
configure:12175: $PKG_CONFIG --exists --print-errors "libjaylink >= 0.2"
Package libjaylink was not found in the pkg-config search path.
Perhaps you should add the directory containing `libjaylink.pc'
to the PKG_CONFIG_PATH environment variable
No package 'libjaylink' found
configure:12178: $? = 1
configure:12192: $PKG_CONFIG --exists --print-errors "libjaylink >= 0.2"
Package libjaylink was not found in the pkg-config search path.
Perhaps you should add the directory containing `libjaylink.pc'
to the PKG_CONFIG_PATH environment variable
No package 'libjaylink' found
configure:12195: $? = 1
configure:12209: result: no
No package 'libjaylink' found
configure:13550: checking for environ in unistd.h and stdlib.h
configure:13568: gcc -c -g -O2  conftest.c >&5
configure:13568: $? = 0
configure:13570: result: yes
configure:13761: checking that generated files are newer than configure
configure:13767: result: done
configure:14043: creating ./config.status

## ---------------------- ##
## Running config.status. ##
## ---------------------- ##

This file was extended by openocd config.status 0.12.0-rc2+dev, which was
generated by GNU Autoconf 2.69.  Invocation command line was

  CONFIG_FILES    = 
  CONFIG_HEADERS  = 
  CONFIG_LINKS    = 
  CONFIG_COMMANDS = 
  $ ./config.status 

on riolet

config.status:1301: creating Makefile
config.status:1301: creating config.h
config.status:1530: executing depfiles commands
config.status:1607: cd .       && sed -e '/# am--include-marker/d' Makefile         | make -f - am--depfiles
config.status:1612: $? = 0
config.status:1530: executing libtool commands
configure:16252: === configuring in jimtcl (/home/riolet/litex/linux-on-LiteX-vexriscv/openocd/jimtcl)
configure:16315: running /bin/bash ./configure.gnu --disable-option-checking '--prefix=/usr/local'  '--enable-ftdi' --cache-file=/dev/null --srcdir=.
configure:16252: === configuring in src/jtag/drivers/libjaylink (/home/riolet/litex/linux-on-LiteX-vexriscv/openocd/src/jtag/drivers/libjaylink)
configure:16315: running /bin/bash ./configure.gnu --disable-option-checking '--prefix=/usr/local'  '--enable-ftdi' --cache-file=/dev/null --srcdir=.

## ---------------- ##
## Cache variables. ##
## ---------------- ##

ac_cv_build=x86_64-pc-linux-gnu
ac_cv_c_bigendian=no
ac_cv_c_compiler_gnu=yes
ac_cv_c_const=yes
ac_cv_env_CAPSTONE_CFLAGS_set=
ac_cv_env_CAPSTONE_CFLAGS_value=
ac_cv_env_CAPSTONE_LIBS_set=
ac_cv_env_CAPSTONE_LIBS_value=
ac_cv_env_CC_set=
ac_cv_env_CC_value=
ac_cv_env_CFLAGS_set=
ac_cv_env_CFLAGS_value=
ac_cv_env_CPPFLAGS_set=
ac_cv_env_CPPFLAGS_value=
ac_cv_env_CPP_set=
ac_cv_env_CPP_value=
ac_cv_env_HIDAPI_CFLAGS_set=
ac_cv_env_HIDAPI_CFLAGS_value=
ac_cv_env_HIDAPI_LIBS_set=
ac_cv_env_HIDAPI_LIBS_value=
ac_cv_env_LDFLAGS_set=
ac_cv_env_LDFLAGS_value=
ac_cv_env_LIBFTDI_CFLAGS_set=
ac_cv_env_LIBFTDI_CFLAGS_value=
ac_cv_env_LIBFTDI_LIBS_set=
ac_cv_env_LIBFTDI_LIBS_value=
ac_cv_env_LIBGPIOD_CFLAGS_set=
ac_cv_env_LIBGPIOD_CFLAGS_value=
ac_cv_env_LIBGPIOD_LIBS_set=
ac_cv_env_LIBGPIOD_LIBS_value=
ac_cv_env_LIBJAYLINK_CFLAGS_set=
ac_cv_env_LIBJAYLINK_CFLAGS_value=
ac_cv_env_LIBJAYLINK_LIBS_set=
ac_cv_env_LIBJAYLINK_LIBS_value=
ac_cv_env_LIBS_set=
ac_cv_env_LIBS_value=
ac_cv_env_LIBUSB1_CFLAGS_set=
ac_cv_env_LIBUSB1_CFLAGS_value=
ac_cv_env_LIBUSB1_LIBS_set=
ac_cv_env_LIBUSB1_LIBS_value=
ac_cv_env_LT_SYS_LIBRARY_PATH_set=
ac_cv_env_LT_SYS_LIBRARY_PATH_value=
ac_cv_env_PKG_CONFIG_LIBDIR_set=
ac_cv_env_PKG_CONFIG_LIBDIR_value=
ac_cv_env_PKG_CONFIG_PATH_set=
ac_cv_env_PKG_CONFIG_PATH_value=
ac_cv_env_PKG_CONFIG_set=
ac_cv_env_PKG_CONFIG_value=
ac_cv_env_build_alias_set=
ac_cv_env_build_alias_value=
ac_cv_env_host_alias_set=
ac_cv_env_host_alias_value=
ac_cv_env_target_alias_set=
ac_cv_env_target_alias_value=
ac_cv_func_gettimeofday=yes
ac_cv_func_realpath=yes
ac_cv_func_strndup=yes
ac_cv_func_strnlen=yes
ac_cv_func_usleep=yes
ac_cv_header_arpa_inet_h=yes
ac_cv_header_dlfcn_h=yes
ac_cv_header_elf_h=yes
ac_cv_header_fcntl_h=yes
ac_cv_header_inttypes_h=yes
ac_cv_header_malloc_h=yes
ac_cv_header_memory_h=yes
ac_cv_header_netdb_h=yes
ac_cv_header_netinet_in_h=yes
ac_cv_header_netinet_tcp_h=yes
ac_cv_header_poll_h=yes
ac_cv_header_stdbool_h=yes
ac_cv_header_stdc=yes
ac_cv_header_stdint_h=yes
ac_cv_header_stdlib_h=yes
ac_cv_header_string_h=yes
ac_cv_header_strings_h=yes
ac_cv_header_sys_ioctl_h=yes
ac_cv_header_sys_param_h=yes
ac_cv_header_sys_select_h=yes
ac_cv_header_sys_socket_h=yes
ac_cv_header_sys_stat_h=yes
ac_cv_header_sys_sysctl_h=yes
ac_cv_header_sys_time_h=yes
ac_cv_header_sys_types_h=yes
ac_cv_header_unistd_h=yes
ac_cv_host=x86_64-pc-linux-gnu
ac_cv_objext=o
ac_cv_path_EGREP='/usr/bin/grep -E'
ac_cv_path_FGREP='/usr/bin/grep -F'
ac_cv_path_GREP=/usr/bin/grep
ac_cv_path_SED=/usr/bin/sed
ac_cv_path_ac_pt_PKG_CONFIG=/usr/bin/pkg-config
ac_cv_path_install='/usr/bin/install -c'
ac_cv_path_lt_DD=/usr/bin/dd
ac_cv_path_mkdir=/usr/bin/mkdir
ac_cv_prog_AWK=mawk
ac_cv_prog_CPP='gcc -E'
ac_cv_prog_ac_ct_AR=ar
ac_cv_prog_ac_ct_CC=gcc
ac_cv_prog_ac_ct_MANIFEST_TOOL=mt
ac_cv_prog_ac_ct_OBJDUMP=objdump
ac_cv_prog_ac_ct_RANLIB=ranlib
ac_cv_prog_ac_ct_STRIP=strip
ac_cv_prog_cc_c89=
ac_cv_prog_cc_c99=
ac_cv_prog_cc_g=yes
ac_cv_prog_make_make_set=yes
ac_cv_search_dlopen=-ldl
ac_cv_search_ioperm='none required'
ac_cv_search_openpty=-lutil
ac_cv_type__Bool=yes
ac_cv_type_long_long_int=yes
ac_cv_type_unsigned_long_long_int=yes
am_cv_CC_dependencies_compiler_type=gcc3
am_cv_make_support_nested_variables=yes
am_cv_prog_cc_c_o=yes
lt_cv_ar_at_file=@
lt_cv_deplibs_check_method=pass_all
lt_cv_file_magic_cmd='$MAGIC_CMD'
lt_cv_file_magic_test_file=
lt_cv_ld_reload_flag=-r
lt_cv_nm_interface='BSD nm'
lt_cv_objdir=.libs
lt_cv_path_LD=/usr/bin/ld
lt_cv_path_NM='/usr/bin/nm -B'
lt_cv_path_mainfest_tool=no
lt_cv_prog_compiler_c_o=yes
lt_cv_prog_compiler_pic='-fPIC -DPIC'
lt_cv_prog_compiler_pic_works=yes
lt_cv_prog_compiler_rtti_exceptions=no
lt_cv_prog_compiler_static_works=yes
lt_cv_prog_gnu_ld=yes
lt_cv_sharedlib_from_linklib_cmd='printf %s\n'
lt_cv_shlibpath_overrides_runpath=yes
lt_cv_sys_global_symbol_pipe='sed -n -e '\''s/^.*[	 ]\([ABCDGIRSTW][ABCDGIRSTW]*\)[	 ][	 ]*\([_A-Za-z][_A-Za-z0-9]*\)$/\1 \2 \2/p'\'' | sed '\''/ __gnu_lto/d'\'''
lt_cv_sys_global_symbol_to_c_name_address='sed -n -e '\''s/^: \(.*\) .*$/  {"\1", (void *) 0},/p'\'' -e '\''s/^[ABCDGIRSTW][ABCDGIRSTW]* .* \(.*\)$/  {"\1", (void *) \&\1},/p'\'''
lt_cv_sys_global_symbol_to_c_name_address_lib_prefix='sed -n -e '\''s/^: \(.*\) .*$/  {"\1", (void *) 0},/p'\'' -e '\''s/^[ABCDGIRSTW][ABCDGIRSTW]* .* \(lib.*\)$/  {"\1", (void *) \&\1},/p'\'' -e '\''s/^[ABCDGIRSTW][ABCDGIRSTW]* .* \(.*\)$/  {"lib\1", (void *) \&\1},/p'\'''
lt_cv_sys_global_symbol_to_cdecl='sed -n -e '\''s/^T .* \(.*\)$/extern int \1();/p'\'' -e '\''s/^[ABCDGIRSTW][ABCDGIRSTW]* .* \(.*\)$/extern char \1;/p'\'''
lt_cv_sys_global_symbol_to_import=
lt_cv_sys_max_cmd_len=1572864
lt_cv_to_host_file_cmd=func_convert_file_noop
lt_cv_to_tool_file_cmd=func_convert_file_noop
lt_cv_truncate_bin='/usr/bin/dd bs=4096 count=1'
pkg_cv_LIBUSB1_CFLAGS=-I/usr/include/libusb-1.0
pkg_cv_LIBUSB1_LIBS=-lusb-1.0

## ----------------- ##
## Output variables. ##
## ----------------- ##

ACLOCAL='${SHELL} /home/riolet/litex/linux-on-LiteX-vexriscv/openocd/build-aux/missing aclocal-1.16'
AICE_FALSE=''
AICE_TRUE='#'
AM335XGPIO_FALSE=''
AM335XGPIO_TRUE='#'
AMDEPBACKSLASH='\'
AMDEP_FALSE='#'
AMDEP_TRUE=''
AMTAR='$${TAR-tar}'
AMTJTAGACCEL_FALSE=''
AMTJTAGACCEL_TRUE='#'
AM_BACKSLASH='\'
AM_DEFAULT_V='$(AM_DEFAULT_VERBOSITY)'
AM_DEFAULT_VERBOSITY='1'
AM_V='$(V)'
AR='ar'
ARMJTAGEW_FALSE='#'
ARMJTAGEW_TRUE=''
AT91RM9200_FALSE=''
AT91RM9200_TRUE='#'
AUTOCONF='${SHELL} /home/riolet/litex/linux-on-LiteX-vexriscv/openocd/build-aux/missing autoconf'
AUTOHEADER='${SHELL} /home/riolet/litex/linux-on-LiteX-vexriscv/openocd/build-aux/missing autoheader'
AUTOMAKE='${SHELL} /home/riolet/litex/linux-on-LiteX-vexriscv/openocd/build-aux/missing automake-1.16'
AWK='mawk'
BCM2835GPIO_FALSE=''
BCM2835GPIO_TRUE='#'
BITBANG_FALSE=''
BITBANG_TRUE='#'
BITQ_FALSE='#'
BITQ_TRUE=''
BUSPIRATE_FALSE='#'
BUSPIRATE_TRUE=''
CAPSTONE_CFLAGS=''
CAPSTONE_LIBS=''
CC='gcc'
CCDEPMODE='depmode=gcc3'
CFLAGS='-g -O2'
CMSIS_DAP_HID_FALSE=''
CMSIS_DAP_HID_TRUE='#'
CMSIS_DAP_USB_FALSE='#'
CMSIS_DAP_USB_TRUE=''
CPP='gcc -E'
CPPFLAGS=''
CYGPATH_W='echo'
DEFS='-DHAVE_CONFIG_H'
DEPDIR='.deps'
DLLTOOL='false'
DSYMUTIL=''
DUMMY_FALSE=''
DUMMY_TRUE='#'
DUMPBIN=''
ECHO_C=''
ECHO_N='-n'
ECHO_T=''
EGREP='/usr/bin/grep -E'
EP93XX_FALSE=''
EP93XX_TRUE='#'
ESP_USB_JTAG_FALSE='#'
ESP_USB_JTAG_TRUE=''
EXEEXT=''
EXTRA_DIST_NEWS='./NEWS-0.10.0 ./NEWS-0.11.0 ./NEWS-0.2.0 ./NEWS-0.3.0 ./NEWS-0.4.0 ./NEWS-0.5.0 ./NEWS-0.6.0 ./NEWS-0.7.0 ./NEWS-0.8.0 ./NEWS-0.9.0'
FGREP='/usr/bin/grep -F'
FT232R_FALSE='#'
FT232R_TRUE=''
FTDI_FALSE='#'
FTDI_TRUE=''
GCC_WARNINGS='-Wall -Wstrict-prototypes -Wformat-security -Wshadow -Wextra -Wno-unused-parameter -Wbad-function-cast -Wcast-align -Wredundant-decls -Wpointer-arith -Wundef -Werror'
GIVEIO_FALSE=''
GIVEIO_TRUE='#'
GREP='/usr/bin/grep'
GW16012_FALSE=''
GW16012_TRUE='#'
HAVE_CAPSTONE_FALSE=''
HAVE_CAPSTONE_TRUE='#'
HIDAPI_CFLAGS=''
HIDAPI_LIBS=''
HLADAPTER_FALSE='#'
HLADAPTER_ICDI_FALSE='#'
HLADAPTER_ICDI_TRUE=''
HLADAPTER_NULINK_FALSE=''
HLADAPTER_NULINK_TRUE='#'
HLADAPTER_STLINK_FALSE='#'
HLADAPTER_STLINK_TRUE=''
HLADAPTER_TRUE=''
HOST_CPPFLAGS=''
IMX_GPIO_FALSE=''
IMX_GPIO_TRUE='#'
INSTALL_DATA='${INSTALL} -m 644'
INSTALL_PROGRAM='${INSTALL}'
INSTALL_SCRIPT='${INSTALL}'
INSTALL_STRIP_PROGRAM='$(install_sh) -c -s'
INTERNAL_JIMTCL_FALSE='#'
INTERNAL_JIMTCL_TRUE=''
INTERNAL_LIBJAYLINK_FALSE='#'
INTERNAL_LIBJAYLINK_TRUE=''
IS_CYGWIN_FALSE=''
IS_CYGWIN_TRUE='#'
IS_DARWIN_FALSE=''
IS_DARWIN_TRUE='#'
IS_MINGW_FALSE=''
IS_MINGW_TRUE='#'
IS_WIN32_FALSE=''
IS_WIN32_TRUE='#'
JLINK_FALSE='#'
JLINK_TRUE=''
JTAG_DPI_FALSE=''
JTAG_DPI_TRUE='#'
JTAG_VPI_FALSE=''
JTAG_VPI_TRUE='#'
KITPROG_FALSE=''
KITPROG_TRUE='#'
LD='/usr/bin/ld -m elf_x86_64'
LDFLAGS=''
LIBFTDI_CFLAGS=''
LIBFTDI_LIBS=''
LIBGPIOD_CFLAGS=''
LIBGPIOD_LIBS=''
LIBJAYLINK_CFLAGS=''
LIBJAYLINK_LIBS=''
LIBOBJS=''
LIBS='-lutil -ldl '
LIBTOOL='$(SHELL) $(top_builddir)/libtool'
LIBTOOL_DEPS='build-aux/ltmain.sh'
LIBUSB1_CFLAGS='-isystem /usr/include/libusb-1.0'
LIBUSB1_LIBS='-lusb-1.0'
LINUXGPIOD_FALSE=''
LINUXGPIOD_TRUE='#'
LIPO=''
LN_S='ln -s'
LTLIBOBJS=''
LT_SYS_LIBRARY_PATH=''
MAKEINFO='echo makeinfo missing; true'
MANIFEST_TOOL=':'
MKDIR_P='/usr/bin/mkdir -p'
NM='/usr/bin/nm -B'
NMEDIT=''
OBJDUMP='objdump'
OBJEXT='o'
OPENDOUS_FALSE='#'
OPENDOUS_TRUE=''
OPENJTAG_FALSE=''
OPENJTAG_TRUE='#'
OSBDM_FALSE='#'
OSBDM_TRUE=''
OTOOL64=''
OTOOL=''
PACKAGE='openocd'
PACKAGE_BUGREPORT='OpenOCD Mailing List <openocd-devel@lists.sourceforge.net>'
PACKAGE_NAME='openocd'
PACKAGE_STRING='openocd 0.12.0-rc2+dev'
PACKAGE_TARNAME='openocd'
PACKAGE_URL=''
PACKAGE_VERSION='0.12.0-rc2+dev'
PARPORT_FALSE=''
PARPORT_TRUE='#'
PATH_SEPARATOR=':'
PKG_CONFIG='/usr/bin/pkg-config'
PKG_CONFIG_LIBDIR=''
PKG_CONFIG_PATH=''
PRESTO_FALSE=''
PRESTO_TRUE='#'
RANLIB='ranlib'
RELEASE_FALSE=''
RELEASE_TRUE='#'
REMOTE_BITBANG_FALSE=''
REMOTE_BITBANG_TRUE='#'
RLINK_FALSE='#'
RLINK_TRUE=''
RSHIM_FALSE=''
RSHIM_TRUE='#'
SED='/usr/bin/sed'
SET_MAKE=''
SHELL='/bin/bash'
STRIP='strip'
SYSFSGPIO_FALSE=''
SYSFSGPIO_TRUE='#'
ULINK_FALSE='#'
ULINK_TRUE=''
USBPROG_FALSE='#'
USBPROG_TRUE=''
USB_BLASTER_2_FALSE='#'
USB_BLASTER_2_TRUE=''
USB_BLASTER_DRIVER_FALSE='#'
USB_BLASTER_DRIVER_TRUE=''
USB_BLASTER_FALSE=''
USB_BLASTER_TRUE='#'
USE_HIDAPI_FALSE=''
USE_HIDAPI_TRUE='#'
USE_LIBFTDI_FALSE=''
USE_LIBFTDI_TRUE='#'
USE_LIBGPIOD_FALSE=''
USE_LIBGPIOD_TRUE='#'
USE_LIBJAYLINK_FALSE=''
USE_LIBJAYLINK_TRUE='#'
USE_LIBUSB1_FALSE='#'
USE_LIBUSB1_TRUE=''
VDEBUG_FALSE=''
VDEBUG_TRUE='#'
VERSION='0.12.0-rc2+dev'
VSLLINK_FALSE='#'
VSLLINK_TRUE=''
XDS110_FALSE='#'
XDS110_TRUE=''
XLNX_PCIE_XVC_FALSE=''
XLNX_PCIE_XVC_TRUE='#'
ac_ct_AR='ar'
ac_ct_CC='gcc'
ac_ct_DUMPBIN=''
am__EXEEXT_FALSE=''
am__EXEEXT_TRUE='#'
am__fastdepCC_FALSE='#'
am__fastdepCC_TRUE=''
am__include='include'
am__isrc=''
am__leading_dot='.'
am__nodep='_no'
am__quote=''
am__tar='$${TAR-tar} chof - "$$tardir"'
am__untar='$${TAR-tar} xf -'
bindir='${exec_prefix}/bin'
build='x86_64-pc-linux-gnu'
build_alias=''
build_cpu='x86_64'
build_os='linux-gnu'
build_vendor='pc'
datadir='${datarootdir}'
datarootdir='${prefix}/share'
docdir='${datarootdir}/doc/${PACKAGE_TARNAME}'
doxygen_as_html='yes'
doxygen_as_pdf='no'
dvidir='${docdir}'
exec_prefix='${prefix}'
host='x86_64-pc-linux-gnu'
host_alias=''
host_cpu='x86_64'
host_os='linux-gnu'
host_vendor='pc'
htmldir='${docdir}'
includedir='${prefix}/include'
infodir='${datarootdir}/info'
install_sh='${SHELL} /home/riolet/litex/linux-on-LiteX-vexriscv/openocd/build-aux/install-sh'
libdir='${exec_prefix}/lib'
libexecdir='${exec_prefix}/libexec'
localedir='${datarootdir}/locale'
localstatedir='${prefix}/var'
mandir='${datarootdir}/man'
mkdir_p='$(MKDIR_P)'
oldincludedir='/usr/include'
pdfdir='${docdir}'
prefix='/usr/local'
program_transform_name='s,x,x,'
psdir='${docdir}'
runstatedir='${localstatedir}/run'
sbindir='${exec_prefix}/sbin'
sharedstatedir='${prefix}/com'
subdirs=' jimtcl src/jtag/drivers/libjaylink'
sysconfdir='${prefix}/etc'
target_alias=''

## ----------- ##
## confdefs.h. ##
## ----------- ##

/* confdefs.h */
#define PACKAGE_NAME "openocd"
#define PACKAGE_TARNAME "openocd"
#define PACKAGE_VERSION "0.12.0-rc2+dev"
#define PACKAGE_STRING "openocd 0.12.0-rc2+dev"
#define PACKAGE_BUGREPORT "OpenOCD Mailing List <openocd-devel@lists.sourceforge.net>"
#define PACKAGE_URL ""
#define PACKAGE "openocd"
#define VERSION "0.12.0-rc2+dev"
#define STDC_HEADERS 1
#define HAVE_SYS_TYPES_H 1
#define HAVE_SYS_STAT_H 1
#define HAVE_STDLIB_H 1
#define HAVE_STRING_H 1
#define HAVE_MEMORY_H 1
#define HAVE_STRINGS_H 1
#define HAVE_INTTYPES_H 1
#define HAVE_STDINT_H 1
#define HAVE_UNISTD_H 1
#define HAVE_DLFCN_H 1
#define LT_OBJDIR ".libs/"
#define HAVE_UNSIGNED_LONG_LONG_INT 1
#define HAVE_LONG_LONG_INT 1
#define HAVE_SYS_SOCKET_H 1
#define HAVE_ELF_H 1
#define HAVE_ELF64 1
#define HAVE_FCNTL_H 1
#define HAVE_MALLOC_H 1
#define HAVE_NETDB_H 1
#define HAVE_POLL_H 1
#define HAVE_STRINGS_H 1
#define HAVE_SYS_IOCTL_H 1
#define HAVE_SYS_PARAM_H 1
#define HAVE_SYS_SELECT_H 1
#define HAVE_SYS_STAT_H 1
#define HAVE_SYS_SYSCTL_H 1
#define HAVE_SYS_TIME_H 1
#define HAVE_SYS_TYPES_H 1
#define HAVE_UNISTD_H 1
#define HAVE_ARPA_INET_H 1
#define HAVE_NETINET_IN_H 1
#define HAVE_NETINET_TCP_H 1
#define HAVE__BOOL 1
#define HAVE_STDBOOL_H 1
#define HAVE_STRNDUP 1
#define HAVE_STRNLEN 1
#define HAVE_GETTIMEOFDAY 1
#define HAVE_USLEEP 1
#define HAVE_REALPATH 1
#define IS_CYGWIN 0
#define IS_MINGW 0
#define IS_WIN32 0
#define IS_DARWIN 0
#define BUILD_PARPORT 0
#define BUILD_RSHIM 0
#define BUILD_DUMMY 0
#define BUILD_EP93XX 0
#define BUILD_AT91RM9200 0
#define BUILD_BCM2835GPIO 0
#define BUILD_IMX_GPIO 0
#define BUILD_AM335XGPIO 0
#define PARPORT_USE_PPDEV 1
#define PARPORT_USE_GIVEIO 0
#define BUILD_JTAG_VPI 0
#define BUILD_VDEBUG 0
#define BUILD_JTAG_DPI 0
#define BUILD_AMTJTAGACCEL 0
#define BUILD_GW16012 0
#define BUILD_BUSPIRATE 1
#define BUILD_REMOTE_BITBANG 0
#define BUILD_SYSFSGPIO 0
#define BUILD_XLNX_PCIE_XVC 0
#define HAVE_LIBUSB1 1
#define HAVE_LIBUSB_GET_PORT_NUMBERS 1
#define HAVE_CAPSTONE 0
#define BUILD_FTDI 1
#define BUILD_HLADAPTER_STLINK 1
#define BUILD_HLADAPTER_ICDI 1
#define BUILD_ULINK 1
#define BUILD_USB_BLASTER_2 1
#define BUILD_FT232R 1
#define BUILD_VSLLINK 1
#define BUILD_XDS110 1
#define BUILD_CMSIS_DAP_USB 1
#define BUILD_OSBDM 1
#define BUILD_OPENDOUS 1
#define BUILD_ARMJTAGEW 1
#define BUILD_RLINK 1
#define BUILD_USBPROG 1
#define BUILD_ESP_USB_JTAG 1
#define BUILD_AICE 0
#define BUILD_CMSIS_DAP_HID 0
#define BUILD_HLADAPTER_NULINK 0
#define BUILD_KITPROG 0
#define BUILD_USB_BLASTER 0
#define BUILD_PRESTO 0
#define BUILD_OPENJTAG 0
#define BUILD_LINUXGPIOD 0
#define BUILD_JLINK 1
#define BUILD_HLADAPTER 1
#define _GNU_SOURCE 1

configure: exit 0
