Copyright 1986-2018 Xilinx, Inc. All Rights Reserved.
-------------------------------------------------------------------------------------------------
| Tool Version : Vivado v.2018.3 (lin64) Build 2405991 Thu Dec  6 23:36:41 MST 2018
| Date         : Mon Jan  9 17:01:16 2023
| Host         : riolet running 64-bit Ubuntu 20.04.4 LTS
| Command      : report_utilization -hierarchical -file kc705_utilization_hierarchical_synth.rpt
| Design       : kc705
| Device       : 7k325tffg900-2
| Design State : Synthesized
-------------------------------------------------------------------------------------------------

Utilization Design Information

Table of Contents
-----------------
1. Utilization by Hierarchy

1. Utilization by Hierarchy
---------------------------

+------------------------------------------------------------------------------------+------------------------------------------------------------------------------+------------+------------+---------+------+-------+--------+--------+--------------+
|                                      Instance                                      |                                    Module                                    | Total LUTs | Logic LUTs | LUTRAMs | SRLs |  FFs  | RAMB36 | RAMB18 | DSP48 Blocks |
+------------------------------------------------------------------------------------+------------------------------------------------------------------------------+------------+------------+---------+------+-------+--------+--------+--------------+
| kc705                                                                              |                                                                        (top) |      59665 |      54255 |    5408 |    2 | 49478 |    413 |     64 |            8 |
|   (kc705)                                                                          |                                                                        (top) |      11706 |       7124 |    4580 |    2 |  8037 |    402 |      0 |            0 |
|   SNN_3x2                                                                          |                                                                      SNN_3x2 |      38062 |      37522 |     540 |    0 | 33515 |      3 |     56 |            0 |
|     RANCNetworkGrid_3x2_ins                                                        |                                                          RANCNetworkGrid_3x2 |      37505 |      37173 |     332 |    0 | 32208 |      0 |     55 |            0 |
|       (RANCNetworkGrid_3x2_ins)                                                    |                                                          RANCNetworkGrid_3x2 |          0 |          0 |       0 |    0 |  1886 |      0 |      0 |            0 |
|       gencore[0].Core                                                              |                                                                     Core_3x2 |       7282 |       7266 |      16 |    0 |  5879 |      0 |     11 |            0 |
|         Router                                                                     |                                                                   Router_143 |       1686 |       1686 |       0 |    0 |  1323 |      0 |      0 |            0 |
|           forward_east                                                             |                                                          ForwardEastWest_150 |        170 |        170 |       0 |    0 |   414 |      0 |      0 |            0 |
|             Merge                                                                  |                                                                   Merge2_169 |         43 |         43 |       0 |    0 |    33 |      0 |      0 |            0 |
|             north_buffer                                                           |                                                   buffer__parameterized0_170 |         55 |         55 |       0 |    0 |   112 |      0 |      0 |            0 |
|             routing_buffer                                                         |                                                                   buffer_171 |         40 |         40 |       0 |    0 |   157 |      0 |      0 |            0 |
|             south_buffer                                                           |                                                   buffer__parameterized0_172 |         32 |         32 |       0 |    0 |   112 |      0 |      0 |            0 |
|           forward_north                                                            |                                                        ForwardNorthSouth_151 |         81 |         81 |       0 |    0 |   203 |      0 |      0 |            0 |
|             local_buffer                                                           |                                                   buffer__parameterized1_166 |         40 |         40 |       0 |    0 |    67 |      0 |      0 |            0 |
|             merge                                                                  |                                                                   Merge3_167 |          9 |          9 |       0 |    0 |    24 |      0 |      0 |            0 |
|             routing_buffer                                                         |                                                   buffer__parameterized0_168 |         32 |         32 |       0 |    0 |   112 |      0 |      0 |            0 |
|           forward_south                                                            |                                        ForwardNorthSouth__parameterized0_152 |         55 |         55 |       0 |    0 |    95 |      0 |      0 |            0 |
|             local_buffer                                                           |                                                   buffer__parameterized1_163 |         23 |         23 |       0 |    0 |    67 |      0 |      0 |            0 |
|             merge                                                                  |                                                                   Merge3_164 |         30 |         30 |       0 |    0 |    25 |      0 |      0 |            0 |
|             routing_buffer                                                         |                                                   buffer__parameterized0_165 |          2 |          2 |       0 |    0 |     3 |      0 |      0 |            0 |
|           forward_west                                                             |                                          ForwardEastWest__parameterized0_153 |        105 |        105 |       0 |    0 |   260 |      0 |      0 |            0 |
|             Merge                                                                  |                                                                   Merge2_159 |         37 |         37 |       0 |    0 |    33 |      0 |      0 |            0 |
|             north_buffer                                                           |                                                   buffer__parameterized0_160 |         33 |         33 |       0 |    0 |   112 |      0 |      0 |            0 |
|             routing_buffer                                                         |                                                                   buffer_161 |          3 |          3 |       0 |    0 |     3 |      0 |      0 |            0 |
|             south_buffer                                                           |                                                   buffer__parameterized0_162 |         32 |         32 |       0 |    0 |   112 |      0 |      0 |            0 |
|           from_local                                                               |                                                                FromLocal_154 |         87 |         87 |       0 |    0 |   314 |      0 |      0 |            0 |
|             buffer_east                                                            |                                                                   buffer_157 |         44 |         44 |       0 |    0 |   157 |      0 |      0 |            0 |
|             buffer_west                                                            |                                                                   buffer_158 |         43 |         43 |       0 |    0 |   157 |      0 |      0 |            0 |
|           local_in                                                                 |                                                                  LocalIn_155 |       1188 |       1188 |       0 |    0 |    37 |      0 |      0 |            0 |
|             Merge                                                                  |                                                   Merge2__parameterized0_156 |       1188 |       1188 |       0 |    0 |    37 |      0 |      0 |            0 |
|         Scheduler                                                                  |                                                                Scheduler_144 |       5104 |       5104 |       0 |    0 |  4128 |      0 |      0 |            0 |
|           SRAM                                                                     |                                                            SchedulerSRAM_148 |       1024 |       1024 |       0 |    0 |  4096 |      0 |      0 |            0 |
|           counter                                                                  |                                                                  Counter_149 |       4080 |       4080 |       0 |    0 |    32 |      0 |      0 |            0 |
|         neuron_grid                                                                |                                                              neuron_grid_3x2 |        492 |        476 |      16 |    0 |   428 |      0 |     11 |            0 |
|           controller                                                               |                                                   neuron_grid_controller_145 |         50 |         50 |       0 |    0 |     3 |      0 |      0 |            0 |
|           datapath                                                                 |                                                     neuron_grid_datapath_3x2 |        442 |        426 |      16 |    0 |   425 |      0 |     11 |            0 |
|             (datapath)                                                             |                                                     neuron_grid_datapath_3x2 |         37 |         21 |      16 |    0 |   416 |      0 |      0 |            0 |
|             CSRAM_inst                                                             |                                                                    CSRAM_146 |        374 |        374 |       0 |    0 |     0 |      0 |     11 |            0 |
|             neuron_block                                                           |                                                             neuron_block_147 |         37 |         37 |       0 |    0 |     9 |      0 |      0 |            0 |
|       gencore[1].Core                                                              |                                                     Core_3x2__parameterized0 |       7322 |       7306 |      16 |    0 |  6033 |      0 |     11 |            0 |
|         Router                                                                     |                                                                   Router_113 |       1726 |       1726 |       0 |    0 |  1477 |      0 |      0 |            0 |
|           forward_east                                                             |                                                          ForwardEastWest_120 |        169 |        169 |       0 |    0 |   414 |      0 |      0 |            0 |
|             Merge                                                                  |                                                                   Merge2_139 |         43 |         43 |       0 |    0 |    33 |      0 |      0 |            0 |
|             north_buffer                                                           |                                                   buffer__parameterized0_140 |         54 |         54 |       0 |    0 |   112 |      0 |      0 |            0 |
|             routing_buffer                                                         |                                                                   buffer_141 |         41 |         41 |       0 |    0 |   157 |      0 |      0 |            0 |
|             south_buffer                                                           |                                                   buffer__parameterized0_142 |         31 |         31 |       0 |    0 |   112 |      0 |      0 |            0 |
|           forward_north                                                            |                                                        ForwardNorthSouth_121 |         79 |         79 |       0 |    0 |   203 |      0 |      0 |            0 |
|             local_buffer                                                           |                                                   buffer__parameterized1_136 |         39 |         39 |       0 |    0 |    67 |      0 |      0 |            0 |
|             merge                                                                  |                                                                   Merge3_137 |          8 |          8 |       0 |    0 |    24 |      0 |      0 |            0 |
|             routing_buffer                                                         |                                                   buffer__parameterized0_138 |         32 |         32 |       0 |    0 |   112 |      0 |      0 |            0 |
|           forward_south                                                            |                                        ForwardNorthSouth__parameterized0_122 |         55 |         55 |       0 |    0 |    95 |      0 |      0 |            0 |
|             local_buffer                                                           |                                                   buffer__parameterized1_133 |         24 |         24 |       0 |    0 |    67 |      0 |      0 |            0 |
|             merge                                                                  |                                                                   Merge3_134 |         30 |         30 |       0 |    0 |    25 |      0 |      0 |            0 |
|             routing_buffer                                                         |                                                   buffer__parameterized0_135 |          1 |          1 |       0 |    0 |     3 |      0 |      0 |            0 |
|           forward_west                                                             |                                          ForwardEastWest__parameterized0_123 |        148 |        148 |       0 |    0 |   414 |      0 |      0 |            0 |
|             Merge                                                                  |                                                                   Merge2_129 |         42 |         42 |       0 |    0 |    33 |      0 |      0 |            0 |
|             north_buffer                                                           |                                                   buffer__parameterized0_130 |         33 |         33 |       0 |    0 |   112 |      0 |      0 |            0 |
|             routing_buffer                                                         |                                                                   buffer_131 |         41 |         41 |       0 |    0 |   157 |      0 |      0 |            0 |
|             south_buffer                                                           |                                                   buffer__parameterized0_132 |         32 |         32 |       0 |    0 |   112 |      0 |      0 |            0 |
|           from_local                                                               |                                                                FromLocal_124 |         87 |         87 |       0 |    0 |   314 |      0 |      0 |            0 |
|             buffer_east                                                            |                                                                   buffer_127 |         44 |         44 |       0 |    0 |   157 |      0 |      0 |            0 |
|             buffer_west                                                            |                                                                   buffer_128 |         43 |         43 |       0 |    0 |   157 |      0 |      0 |            0 |
|           local_in                                                                 |                                                                  LocalIn_125 |       1188 |       1188 |       0 |    0 |    37 |      0 |      0 |            0 |
|             Merge                                                                  |                                                   Merge2__parameterized0_126 |       1188 |       1188 |       0 |    0 |    37 |      0 |      0 |            0 |
|         Scheduler                                                                  |                                                                Scheduler_114 |       5104 |       5104 |       0 |    0 |  4128 |      0 |      0 |            0 |
|           SRAM                                                                     |                                                            SchedulerSRAM_118 |       1024 |       1024 |       0 |    0 |  4096 |      0 |      0 |            0 |
|           counter                                                                  |                                                                  Counter_119 |       4080 |       4080 |       0 |    0 |    32 |      0 |      0 |            0 |
|         neuron_grid                                                                |                                              neuron_grid_3x2__parameterized0 |        492 |        476 |      16 |    0 |   428 |      0 |     11 |            0 |
|           controller                                                               |                                                   neuron_grid_controller_115 |         50 |         50 |       0 |    0 |     3 |      0 |      0 |            0 |
|           datapath                                                                 |                                     neuron_grid_datapath_3x2__parameterized0 |        442 |        426 |      16 |    0 |   425 |      0 |     11 |            0 |
|             (datapath)                                                             |                                     neuron_grid_datapath_3x2__parameterized0 |         37 |         21 |      16 |    0 |   416 |      0 |      0 |            0 |
|             CSRAM_inst                                                             |                                                                    CSRAM_116 |        374 |        374 |       0 |    0 |     0 |      0 |     11 |            0 |
|             neuron_block                                                           |                                                             neuron_block_117 |         37 |         37 |       0 |    0 |     9 |      0 |      0 |            0 |
|       gencore[2].Core                                                              |                                                     Core_3x2__parameterized1 |       7276 |       7260 |      16 |    0 |  5860 |      0 |     11 |            0 |
|         Router                                                                     |                                                                    Router_83 |       1679 |       1679 |       0 |    0 |  1303 |      0 |      0 |            0 |
|           forward_east                                                             |                                                           ForwardEastWest_90 |        126 |        126 |       0 |    0 |   260 |      0 |      0 |            0 |
|             Merge                                                                  |                                                                   Merge2_109 |         39 |         39 |       0 |    0 |    33 |      0 |      0 |            0 |
|             north_buffer                                                           |                                                   buffer__parameterized0_110 |         54 |         54 |       0 |    0 |   112 |      0 |      0 |            0 |
|             routing_buffer                                                         |                                                                   buffer_111 |          2 |          2 |       0 |    0 |     3 |      0 |      0 |            0 |
|             south_buffer                                                           |                                                   buffer__parameterized0_112 |         31 |         31 |       0 |    0 |   112 |      0 |      0 |            0 |
|           forward_north                                                            |                                                         ForwardNorthSouth_91 |         76 |         76 |       0 |    0 |   183 |      0 |      0 |            0 |
|             local_buffer                                                           |                                                   buffer__parameterized1_106 |         39 |         39 |       0 |    0 |    67 |      0 |      0 |            0 |
|             merge                                                                  |                                                                   Merge3_107 |          9 |          9 |       0 |    0 |    24 |      0 |      0 |            0 |
|             routing_buffer                                                         |                                                   buffer__parameterized0_108 |         28 |         28 |       0 |    0 |    92 |      0 |      0 |            0 |
|           forward_south                                                            |                                         ForwardNorthSouth__parameterized0_92 |         55 |         55 |       0 |    0 |    95 |      0 |      0 |            0 |
|             local_buffer                                                           |                                                   buffer__parameterized1_103 |         23 |         23 |       0 |    0 |    67 |      0 |      0 |            0 |
|             merge                                                                  |                                                                   Merge3_104 |         30 |         30 |       0 |    0 |    25 |      0 |      0 |            0 |
|             routing_buffer                                                         |                                                   buffer__parameterized0_105 |          2 |          2 |       0 |    0 |     3 |      0 |      0 |            0 |
|           forward_west                                                             |                                           ForwardEastWest__parameterized0_93 |        117 |        117 |       0 |    0 |   414 |      0 |      0 |            0 |
|             Merge                                                                  |                                                                    Merge2_99 |         13 |         13 |       0 |    0 |    33 |      0 |      0 |            0 |
|             north_buffer                                                           |                                                   buffer__parameterized0_100 |         32 |         32 |       0 |    0 |   112 |      0 |      0 |            0 |
|             routing_buffer                                                         |                                                                   buffer_101 |         41 |         41 |       0 |    0 |   157 |      0 |      0 |            0 |
|             south_buffer                                                           |                                                   buffer__parameterized0_102 |         31 |         31 |       0 |    0 |   112 |      0 |      0 |            0 |
|           from_local                                                               |                                                                 FromLocal_94 |        117 |        117 |       0 |    0 |   314 |      0 |      0 |            0 |
|             buffer_east                                                            |                                                                    buffer_97 |         44 |         44 |       0 |    0 |   157 |      0 |      0 |            0 |
|             buffer_west                                                            |                                                                    buffer_98 |         73 |         73 |       0 |    0 |   157 |      0 |      0 |            0 |
|           local_in                                                                 |                                                                   LocalIn_95 |       1188 |       1188 |       0 |    0 |    37 |      0 |      0 |            0 |
|             Merge                                                                  |                                                    Merge2__parameterized0_96 |       1188 |       1188 |       0 |    0 |    37 |      0 |      0 |            0 |
|         Scheduler                                                                  |                                                                 Scheduler_84 |       5105 |       5105 |       0 |    0 |  4129 |      0 |      0 |            0 |
|           SRAM                                                                     |                                                             SchedulerSRAM_88 |       1024 |       1024 |       0 |    0 |  4096 |      0 |      0 |            0 |
|           counter                                                                  |                                                                   Counter_89 |       4081 |       4081 |       0 |    0 |    33 |      0 |      0 |            0 |
|         neuron_grid                                                                |                                              neuron_grid_3x2__parameterized1 |        492 |        476 |      16 |    0 |   428 |      0 |     11 |            0 |
|           controller                                                               |                                                    neuron_grid_controller_85 |         50 |         50 |       0 |    0 |     3 |      0 |      0 |            0 |
|           datapath                                                                 |                                     neuron_grid_datapath_3x2__parameterized1 |        442 |        426 |      16 |    0 |   425 |      0 |     11 |            0 |
|             (datapath)                                                             |                                     neuron_grid_datapath_3x2__parameterized1 |         37 |         21 |      16 |    0 |   416 |      0 |      0 |            0 |
|             CSRAM_inst                                                             |                                                                     CSRAM_86 |        374 |        374 |       0 |    0 |     0 |      0 |     11 |            0 |
|             neuron_block                                                           |                                                              neuron_block_87 |         37 |         37 |       0 |    0 |     9 |      0 |      0 |            0 |
|       gencore[3].Core                                                              |                                                     Core_3x2__parameterized2 |       7274 |       7258 |      16 |    0 |  5875 |      0 |     11 |            0 |
|         Router                                                                     |                                                                    Router_53 |       1678 |       1678 |       0 |    0 |  1320 |      0 |      0 |            0 |
|           forward_east                                                             |                                                           ForwardEastWest_60 |        136 |        136 |       0 |    0 |   414 |      0 |      0 |            0 |
|             Merge                                                                  |                                                                    Merge2_79 |          9 |          9 |       0 |    0 |    33 |      0 |      0 |            0 |
|             north_buffer                                                           |                                                    buffer__parameterized0_80 |         32 |         32 |       0 |    0 |   112 |      0 |      0 |            0 |
|             routing_buffer                                                         |                                                                    buffer_81 |         41 |         41 |       0 |    0 |   157 |      0 |      0 |            0 |
|             south_buffer                                                           |                                                    buffer__parameterized0_82 |         54 |         54 |       0 |    0 |   112 |      0 |      0 |            0 |
|           forward_north                                                            |                                                         ForwardNorthSouth_61 |         67 |         67 |       0 |    0 |    95 |      0 |      0 |            0 |
|             local_buffer                                                           |                                                    buffer__parameterized1_76 |         36 |         36 |       0 |    0 |    67 |      0 |      0 |            0 |
|             merge                                                                  |                                                                    Merge3_77 |         29 |         29 |       0 |    0 |    25 |      0 |      0 |            0 |
|             routing_buffer                                                         |                                                    buffer__parameterized0_78 |          2 |          2 |       0 |    0 |     3 |      0 |      0 |            0 |
|           forward_south                                                            |                                         ForwardNorthSouth__parameterized0_62 |         66 |         66 |       0 |    0 |   203 |      0 |      0 |            0 |
|             local_buffer                                                           |                                                    buffer__parameterized1_73 |         23 |         23 |       0 |    0 |    67 |      0 |      0 |            0 |
|             merge                                                                  |                                                                    Merge3_74 |         12 |         12 |       0 |    0 |    24 |      0 |      0 |            0 |
|             routing_buffer                                                         |                                                    buffer__parameterized0_75 |         31 |         31 |       0 |    0 |   112 |      0 |      0 |            0 |
|           forward_west                                                             |                                           ForwardEastWest__parameterized0_63 |        104 |        104 |       0 |    0 |   260 |      0 |      0 |            0 |
|             Merge                                                                  |                                                                    Merge2_69 |         36 |         36 |       0 |    0 |    33 |      0 |      0 |            0 |
|             north_buffer                                                           |                                                    buffer__parameterized0_70 |         32 |         32 |       0 |    0 |   112 |      0 |      0 |            0 |
|             routing_buffer                                                         |                                                                    buffer_71 |          3 |          3 |       0 |    0 |     3 |      0 |      0 |            0 |
|             south_buffer                                                           |                                                    buffer__parameterized0_72 |         33 |         33 |       0 |    0 |   112 |      0 |      0 |            0 |
|           from_local                                                               |                                                                 FromLocal_64 |        117 |        117 |       0 |    0 |   314 |      0 |      0 |            0 |
|             buffer_east                                                            |                                                                    buffer_67 |         74 |         74 |       0 |    0 |   157 |      0 |      0 |            0 |
|             buffer_west                                                            |                                                                    buffer_68 |         43 |         43 |       0 |    0 |   157 |      0 |      0 |            0 |
|           local_in                                                                 |                                                                   LocalIn_65 |       1188 |       1188 |       0 |    0 |    34 |      0 |      0 |            0 |
|             Merge                                                                  |                                                    Merge2__parameterized0_66 |       1188 |       1188 |       0 |    0 |    34 |      0 |      0 |            0 |
|         Scheduler                                                                  |                                                                 Scheduler_54 |       5104 |       5104 |       0 |    0 |  4127 |      0 |      0 |            0 |
|           SRAM                                                                     |                                                             SchedulerSRAM_58 |       1024 |       1024 |       0 |    0 |  4096 |      0 |      0 |            0 |
|           counter                                                                  |                                                                   Counter_59 |       4080 |       4080 |       0 |    0 |    31 |      0 |      0 |            0 |
|         neuron_grid                                                                |                                              neuron_grid_3x2__parameterized2 |        492 |        476 |      16 |    0 |   428 |      0 |     11 |            0 |
|           controller                                                               |                                                    neuron_grid_controller_55 |         50 |         50 |       0 |    0 |     3 |      0 |      0 |            0 |
|           datapath                                                                 |                                     neuron_grid_datapath_3x2__parameterized2 |        442 |        426 |      16 |    0 |   425 |      0 |     11 |            0 |
|             (datapath)                                                             |                                     neuron_grid_datapath_3x2__parameterized2 |         37 |         21 |      16 |    0 |   416 |      0 |      0 |            0 |
|             CSRAM_inst                                                             |                                                                     CSRAM_56 |        374 |        374 |       0 |    0 |     0 |      0 |     11 |            0 |
|             neuron_block                                                           |                                                              neuron_block_57 |         37 |         37 |       0 |    0 |     9 |      0 |      0 |            0 |
|       gencore[4].Core                                                              |                                                     Core_3x2__parameterized3 |       7369 |       7353 |      16 |    0 |  6038 |      0 |     11 |            0 |
|         Router                                                                     |                                                                       Router |       1735 |       1735 |       0 |    0 |  1477 |      0 |      0 |            0 |
|           forward_east                                                             |                                                           ForwardEastWest_30 |        169 |        169 |       0 |    0 |   414 |      0 |      0 |            0 |
|             Merge                                                                  |                                                                    Merge2_49 |         43 |         43 |       0 |    0 |    33 |      0 |      0 |            0 |
|             north_buffer                                                           |                                                    buffer__parameterized0_50 |         32 |         32 |       0 |    0 |   112 |      0 |      0 |            0 |
|             routing_buffer                                                         |                                                                    buffer_51 |         41 |         41 |       0 |    0 |   157 |      0 |      0 |            0 |
|             south_buffer                                                           |                                                    buffer__parameterized0_52 |         53 |         53 |       0 |    0 |   112 |      0 |      0 |            0 |
|           forward_north                                                            |                                                         ForwardNorthSouth_31 |         72 |         72 |       0 |    0 |    95 |      0 |      0 |            0 |
|             local_buffer                                                           |                                                    buffer__parameterized1_46 |         39 |         39 |       0 |    0 |    67 |      0 |      0 |            0 |
|             merge                                                                  |                                                                    Merge3_47 |         30 |         30 |       0 |    0 |    25 |      0 |      0 |            0 |
|             routing_buffer                                                         |                                                    buffer__parameterized0_48 |          3 |          3 |       0 |    0 |     3 |      0 |      0 |            0 |
|           forward_south                                                            |                                         ForwardNorthSouth__parameterized0_32 |         70 |         70 |       0 |    0 |   203 |      0 |      0 |            0 |
|             local_buffer                                                           |                                                    buffer__parameterized1_43 |         24 |         24 |       0 |    0 |    67 |      0 |      0 |            0 |
|             merge                                                                  |                                                                    Merge3_44 |         14 |         14 |       0 |    0 |    24 |      0 |      0 |            0 |
|             routing_buffer                                                         |                                                    buffer__parameterized0_45 |         32 |         32 |       0 |    0 |   112 |      0 |      0 |            0 |
|           forward_west                                                             |                                           ForwardEastWest__parameterized0_33 |        120 |        120 |       0 |    0 |   414 |      0 |      0 |            0 |
|             Merge                                                                  |                                                                    Merge2_39 |         14 |         14 |       0 |    0 |    33 |      0 |      0 |            0 |
|             north_buffer                                                           |                                                    buffer__parameterized0_40 |         32 |         32 |       0 |    0 |   112 |      0 |      0 |            0 |
|             routing_buffer                                                         |                                                                    buffer_41 |         41 |         41 |       0 |    0 |   157 |      0 |      0 |            0 |
|             south_buffer                                                           |                                                    buffer__parameterized0_42 |         33 |         33 |       0 |    0 |   112 |      0 |      0 |            0 |
|           from_local                                                               |                                                                 FromLocal_34 |        116 |        116 |       0 |    0 |   314 |      0 |      0 |            0 |
|             buffer_east                                                            |                                                                    buffer_37 |         43 |         43 |       0 |    0 |   157 |      0 |      0 |            0 |
|             buffer_west                                                            |                                                                    buffer_38 |         73 |         73 |       0 |    0 |   157 |      0 |      0 |            0 |
|           local_in                                                                 |                                                                   LocalIn_35 |       1188 |       1188 |       0 |    0 |    37 |      0 |      0 |            0 |
|             Merge                                                                  |                                                    Merge2__parameterized0_36 |       1188 |       1188 |       0 |    0 |    37 |      0 |      0 |            0 |
|         Scheduler                                                                  |                                                                    Scheduler |       5178 |       5178 |       0 |    0 |  4133 |      0 |      0 |            0 |
|           SRAM                                                                     |                                                                SchedulerSRAM |       1092 |       1092 |       0 |    0 |  4096 |      0 |      0 |            0 |
|           counter                                                                  |                                                                      Counter |       4086 |       4086 |       0 |    0 |    37 |      0 |      0 |            0 |
|         neuron_grid                                                                |                                              neuron_grid_3x2__parameterized3 |        456 |        440 |      16 |    0 |   428 |      0 |     11 |            0 |
|           controller                                                               |                                                       neuron_grid_controller |         54 |         54 |       0 |    0 |     3 |      0 |      0 |            0 |
|           datapath                                                                 |                                     neuron_grid_datapath_3x2__parameterized3 |        402 |        386 |      16 |    0 |   425 |      0 |     11 |            0 |
|             (datapath)                                                             |                                     neuron_grid_datapath_3x2__parameterized3 |         39 |         23 |      16 |    0 |   416 |      0 |      0 |            0 |
|             CSRAM_inst                                                             |                                                                        CSRAM |        323 |        323 |       0 |    0 |     0 |      0 |     11 |            0 |
|             neuron_block                                                           |                                                                 neuron_block |         42 |         42 |       0 |    0 |     9 |      0 |      0 |            0 |
|       gencore[5].OutputBus                                                         |                                                                    OutputBus |        671 |        671 |       0 |    0 |   536 |      0 |      0 |            0 |
|         Router_tb                                                                  |                                                       Router__parameterized0 |        671 |        671 |       0 |    0 |   536 |      0 |      0 |            0 |
|           forward_east                                                             |                                                              ForwardEastWest |        103 |        103 |       0 |    0 |   240 |      0 |      0 |            0 |
|             Merge                                                                  |                                                                    Merge2_26 |         39 |         39 |       0 |    0 |    33 |      0 |      0 |            0 |
|             north_buffer                                                           |                                                    buffer__parameterized0_27 |         28 |         28 |       0 |    0 |    92 |      0 |      0 |            0 |
|             routing_buffer                                                         |                                                                    buffer_28 |          3 |          3 |       0 |    0 |     3 |      0 |      0 |            0 |
|             south_buffer                                                           |                                                    buffer__parameterized0_29 |         33 |         33 |       0 |    0 |   112 |      0 |      0 |            0 |
|           forward_north                                                            |                                                            ForwardNorthSouth |         70 |         70 |       0 |    0 |    71 |      0 |      0 |            0 |
|             local_buffer                                                           |                                                    buffer__parameterized1_23 |         40 |         40 |       0 |    0 |    47 |      0 |      0 |            0 |
|             merge                                                                  |                                                                    Merge3_24 |         27 |         27 |       0 |    0 |    21 |      0 |      0 |            0 |
|             routing_buffer                                                         |                                                    buffer__parameterized0_25 |          3 |          3 |       0 |    0 |     3 |      0 |      0 |            0 |
|           forward_south                                                            |                                            ForwardNorthSouth__parameterized0 |         82 |         82 |       0 |    0 |   183 |      0 |      0 |            0 |
|             local_buffer                                                           |                                                       buffer__parameterized1 |         18 |         18 |       0 |    0 |    47 |      0 |      0 |            0 |
|             merge                                                                  |                                                                       Merge3 |         32 |         32 |       0 |    0 |    24 |      0 |      0 |            0 |
|             routing_buffer                                                         |                                                    buffer__parameterized0_22 |         32 |         32 |       0 |    0 |   112 |      0 |      0 |            0 |
|           forward_west                                                             |                                              ForwardEastWest__parameterized0 |         15 |         15 |       0 |    0 |    12 |      0 |      0 |            0 |
|             Merge                                                                  |                                                                       Merge2 |          3 |          3 |       0 |    0 |     3 |      0 |      0 |            0 |
|             north_buffer                                                           |                                                       buffer__parameterized0 |          4 |          4 |       0 |    0 |     3 |      0 |      0 |            0 |
|             routing_buffer                                                         |                                                                    buffer_20 |          4 |          4 |       0 |    0 |     3 |      0 |      0 |            0 |
|             south_buffer                                                           |                                                    buffer__parameterized0_21 |          4 |          4 |       0 |    0 |     3 |      0 |      0 |            0 |
|           from_local                                                               |                                                                    FromLocal |          5 |          5 |       0 |    0 |     6 |      0 |      0 |            0 |
|             buffer_east                                                            |                                                                       buffer |          3 |          3 |       0 |    0 |     3 |      0 |      0 |            0 |
|             buffer_west                                                            |                                                                    buffer_19 |          2 |          2 |       0 |    0 |     3 |      0 |      0 |            0 |
|           local_in                                                                 |                                                                      LocalIn |        396 |        396 |       0 |    0 |    24 |      0 |      0 |            0 |
|             Merge                                                                  |                                                       Merge2__parameterized0 |        396 |        396 |       0 |    0 |    24 |      0 |      0 |            0 |
|       load_neuron_inst_fifo                                                        |                                                              load_param_fifo |         31 |         27 |       4 |    0 |    48 |      0 |      0 |            0 |
|         (load_neuron_inst_fifo)                                                    |                                                              load_param_fifo |          5 |          5 |       0 |    0 |     8 |      0 |      0 |            0 |
|         async_fifo_ins                                                             |                                                   async_fifo__parameterized2 |         26 |         22 |       4 |    0 |    40 |      0 |      0 |            0 |
|           fifomem                                                                  |                                                      fifomem__parameterized2 |          4 |          0 |       4 |    0 |     0 |      0 |      0 |            0 |
|           rptr_empty                                                               |                                                rptr_empty__parameterized1_15 |         11 |         11 |       0 |    0 |    10 |      0 |      0 |            0 |
|           sync_r2w                                                                 |                                                  sync_r2w__parameterized1_16 |          0 |          0 |       0 |    0 |    10 |      0 |      0 |            0 |
|           sync_w2r                                                                 |                                                  sync_w2r__parameterized1_17 |          0 |          0 |       0 |    0 |    10 |      0 |      0 |            0 |
|           wptr_full                                                                |                                                 wptr_full__parameterized1_18 |         11 |         11 |       0 |    0 |    10 |      0 |      0 |            0 |
|       load_param                                                                   |                                              load_param_fifo__parameterized0 |        279 |         31 |     248 |    0 |    51 |      0 |      0 |            0 |
|         (load_param)                                                               |                                              load_param_fifo__parameterized0 |          7 |          7 |       0 |    0 |     8 |      0 |      0 |            0 |
|         async_fifo_ins                                                             |                                                   async_fifo__parameterized3 |        272 |         24 |     248 |    0 |    43 |      0 |      0 |            0 |
|           fifomem                                                                  |                                                      fifomem__parameterized3 |        248 |          0 |     248 |    0 |     0 |      0 |      0 |            0 |
|           rptr_empty                                                               |                                                   rptr_empty__parameterized1 |         12 |         12 |       0 |    0 |    13 |      0 |      0 |            0 |
|           sync_r2w                                                                 |                                                     sync_r2w__parameterized1 |          0 |          0 |       0 |    0 |    10 |      0 |      0 |            0 |
|           sync_w2r                                                                 |                                                     sync_w2r__parameterized1 |          0 |          0 |       0 |    0 |    10 |      0 |      0 |            0 |
|           wptr_full                                                                |                                                    wptr_full__parameterized1 |         12 |         12 |       0 |    0 |    10 |      0 |      0 |            0 |
|       param_wen_sync                                                               |                                                  sync_2ff__parameterized0_14 |          1 |          1 |       0 |    0 |     2 |      0 |      0 |            0 |
|     complete_sync_inst                                                             |                                                     sync_2ff__parameterized0 |          1 |          1 |       0 |    0 |     2 |      0 |      0 |            0 |
|     grid_state_sync_inst                                                           |                                                                     sync_2ff |          3 |          3 |       0 |    0 |     6 |      0 |      0 |            0 |
|     load_end_sync_inst                                                             |                                                   sync_2ff__parameterized0_6 |          0 |          0 |       0 |    0 |     2 |      0 |      0 |            0 |
|     msb_param_inst                                                                 |                                                     sync_2ff__parameterized1 |          8 |          8 |       0 |    0 |    32 |      0 |      0 |            0 |
|     next_core_sync_inst                                                            |                                                                   sync_2ff_7 |         10 |         10 |       0 |    0 |     6 |      0 |      0 |            0 |
|     packet_loader                                                                  |                                                                  load_packet |        237 |         77 |     160 |    0 |  1109 |      0 |      0 |            0 |
|       (packet_loader)                                                              |                                                                  load_packet |          7 |          7 |       0 |    0 |  1007 |      0 |      0 |            0 |
|       load_packet_fifo                                                             |                                                   async_fifo__parameterized1 |        230 |         70 |     160 |    0 |   102 |      0 |      0 |            0 |
|         fifomem                                                                    |                                                      fifomem__parameterized1 |        190 |         30 |     160 |    0 |    30 |      0 |      0 |            0 |
|         rptr_empty                                                                 |                                                                rptr_empty_10 |         19 |         19 |       0 |    0 |    18 |      0 |      0 |            0 |
|         sync_r2w                                                                   |                                                                  sync_r2w_11 |          0 |          0 |       0 |    0 |    18 |      0 |      0 |            0 |
|         sync_w2r                                                                   |                                                                  sync_w2r_12 |          0 |          0 |       0 |    0 |    18 |      0 |      0 |            0 |
|         wptr_full                                                                  |                                                                 wptr_full_13 |         21 |         21 |       0 |    0 |    18 |      0 |      0 |            0 |
|     packet_out_fifo                                                                |                                                                   async_fifo |        100 |         52 |      48 |    0 |    72 |      0 |      0 |            0 |
|       fifomem                                                                      |                                                                      fifomem |         61 |         13 |      48 |    0 |     0 |      0 |      0 |            0 |
|       rptr_empty                                                                   |                                                                   rptr_empty |         18 |         18 |       0 |    0 |    18 |      0 |      0 |            0 |
|       sync_r2w                                                                     |                                                                     sync_r2w |          0 |          0 |       0 |    0 |    18 |      0 |      0 |            0 |
|       sync_w2r                                                                     |                                                                     sync_w2r |          0 |          0 |       0 |    0 |    18 |      0 |      0 |            0 |
|       wptr_full                                                                    |                                                                    wptr_full |         21 |         21 |       0 |    0 |    18 |      0 |      0 |            0 |
|     spike_en_sync_inst                                                             |                                                   sync_2ff__parameterized0_8 |          0 |          0 |       0 |    0 |     2 |      0 |      0 |            0 |
|     spike_out_fifo                                                                 |                                                   async_fifo__parameterized0 |        142 |        142 |       0 |    0 |    32 |      3 |      1 |            0 |
|       fifomem                                                                      |                                                      fifomem__parameterized0 |        125 |        125 |       0 |    0 |     0 |      3 |      1 |            0 |
|       rptr_empty                                                                   |                                                   rptr_empty__parameterized0 |          9 |          9 |       0 |    0 |     8 |      0 |      0 |            0 |
|       sync_r2w                                                                     |                                                     sync_r2w__parameterized0 |          0 |          0 |       0 |    0 |     8 |      0 |      0 |            0 |
|       sync_w2r                                                                     |                                                     sync_w2r__parameterized0 |          0 |          0 |       0 |    0 |     8 |      0 |      0 |            0 |
|       wptr_full                                                                    |                                                    wptr_full__parameterized0 |          8 |          8 |       0 |    0 |     8 |      0 |      0 |            0 |
|     tick_generation                                                                |                                                                     tick_gen |         55 |         55 |       0 |    0 |    42 |      0 |      0 |            0 |
|     tick_ready_sync_inst                                                           |                                                   sync_2ff__parameterized0_9 |          1 |          1 |       0 |    0 |     2 |      0 |      0 |            0 |
|   VexRiscvLitexSmpCluster_Cc2_Iw64Is8192Iy2_Dw64Ds8192Dy2_ITs4DTs4_Cdma_Ood_Wm     | VexRiscvLitexSmpCluster_Cc2_Iw64Is8192Iy2_Dw64Ds8192Dy2_ITs4DTs4_Cdma_Ood_Wm |       9897 |       9609 |     288 |    0 |  7926 |      8 |      8 |            8 |
|     (VexRiscvLitexSmpCluster_Cc2_Iw64Is8192Iy2_Dw64Ds8192Dy2_ITs4DTs4_Cdma_Ood_Wm) | VexRiscvLitexSmpCluster_Cc2_Iw64Is8192Iy2_Dw64Ds8192Dy2_ITs4DTs4_Cdma_Ood_Wm |        373 |        373 |       0 |    0 |  2280 |      0 |      0 |            0 |
|     bufferCC_4                                                                     |                                                                   BufferCC_1 |          1 |          1 |       0 |    0 |     2 |      0 |      0 |            0 |
|     bufferCC_5                                                                     |                                                                   BufferCC_2 |          1 |          1 |       0 |    0 |     2 |      0 |      0 |            0 |
|     bufferCC_6                                                                     |                                                                   BufferCC_3 |          0 |          0 |       0 |    0 |     2 |      0 |      0 |            0 |
|     clintWishboneBridge_logic_bridge                                               |                                                              WishboneToBmb_1 |          0 |          0 |       0 |    0 |     1 |      0 |      0 |            0 |
|     clint_logic                                                                    |                                                                     BmbClint |        205 |        205 |       0 |    0 |   229 |      0 |      0 |            0 |
|     cores_0_cpu_logic_cpu                                                          |                                                                     VexRiscv |       3250 |       3136 |     114 |    0 |  2313 |      4 |      4 |            4 |
|       (cores_0_cpu_logic_cpu)                                                      |                                                                     VexRiscv |       1132 |       1084 |      48 |    0 |  1857 |      0 |      0 |            4 |
|       IBusCachedPlugin_cache                                                       |                                                           InstructionCache_2 |        821 |        757 |      64 |    0 |   159 |      2 |      0 |            0 |
|       dataCache_2                                                                  |                                                                  DataCache_3 |       1297 |       1295 |       2 |    0 |   297 |      2 |      4 |            0 |
|         (dataCache_2)                                                              |                                                                  DataCache_3 |       1139 |       1137 |       2 |    0 |   297 |      0 |      4 |            0 |
|         ways_0_data                                                                |                                                                 Ram_1w_1rs_4 |         24 |         24 |       0 |    0 |     0 |      1 |      0 |            0 |
|         ways_1_data                                                                |                                                                 Ram_1w_1rs_5 |        134 |        134 |       0 |    0 |     0 |      1 |      0 |            0 |
|     cores_0_cpu_logic_cpu_dBus_Bridge_withWriteBuffer_syncLogic_cmdCtx_fifo        |                                                                 StreamFifo_1 |         26 |         22 |       4 |    0 |    16 |      0 |      0 |            0 |
|     cores_1_cpu_logic_cpu                                                          |                                                                   VexRiscv_1 |       3219 |       3105 |     114 |    0 |  2284 |      4 |      4 |            4 |
|       (cores_1_cpu_logic_cpu)                                                      |                                                                   VexRiscv_1 |       1134 |       1086 |      48 |    0 |  1819 |      0 |      0 |            4 |
|       IBusCachedPlugin_cache                                                       |                                                             InstructionCache |        818 |        754 |      64 |    0 |   159 |      2 |      0 |            0 |
|       dataCache_2                                                                  |                                                                    DataCache |       1267 |       1265 |       2 |    0 |   306 |      2 |      4 |            0 |
|         (dataCache_2)                                                              |                                                                    DataCache |       1103 |       1101 |       2 |    0 |   306 |      0 |      4 |            0 |
|         ways_0_data                                                                |                                                                   Ram_1w_1rs |         28 |         28 |       0 |    0 |     0 |      1 |      0 |            0 |
|         ways_1_data                                                                |                                                                 Ram_1w_1rs_1 |        136 |        136 |       0 |    0 |     0 |      1 |      0 |            0 |
|     cores_1_cpu_logic_cpu_dBus_Bridge_withWriteBuffer_syncLogic_cmdCtx_fifo        |                                                               StreamFifo_1_0 |         26 |         22 |       4 |    0 |    16 |      0 |      0 |            0 |
|     dBusCoherent_bmb_arbiter                                                       |                                                                 BmbArbiter_1 |        212 |        212 |       0 |    0 |    19 |      0 |      0 |            0 |
|       (dBusCoherent_bmb_arbiter)                                                   |                                                                 BmbArbiter_1 |         14 |         14 |       0 |    0 |    15 |      0 |      0 |            0 |
|       memory_arbiter                                                               |                                                              StreamArbiter_3 |        198 |        198 |       0 |    0 |     4 |      0 |      0 |            0 |
|     dBusCoherent_bmb_syncRemover                                                   |                                                               BmbSyncRemover |        149 |        101 |      48 |    0 |    14 |      0 |      0 |            0 |
|       (dBusCoherent_bmb_syncRemover)                                               |                                                               BmbSyncRemover |          2 |          2 |       0 |    0 |     7 |      0 |      0 |            0 |
|       io_output_rsp_fifo                                                           |                                                         StreamFifoLowLatency |        147 |         99 |      48 |    0 |     7 |      0 |      0 |            0 |
|     debugBridge_bmb_decoder                                                        |                                                                   BmbDecoder |         10 |         10 |       0 |    0 |     7 |      0 |      0 |            0 |
|     debugBridge_logic_debugger                                                     |                                                               SystemDebugger |          1 |          1 |       0 |    0 |     2 |      0 |      0 |            0 |
|     debugBridge_logic_jtagBridge                                                   |                                                              JtagBridgeNoTap |          2 |          2 |       0 |    0 |    38 |      0 |      0 |            0 |
|       (debugBridge_logic_jtagBridge)                                               |                                                              JtagBridgeNoTap |          0 |          0 |       0 |    0 |    34 |      0 |      0 |            0 |
|       flowCCByToggle_1                                                             |                                                               FlowCCByToggle |          2 |          2 |       0 |    0 |     4 |      0 |      0 |            0 |
|         (flowCCByToggle_1)                                                         |                                                               FlowCCByToggle |          0 |          0 |       0 |    0 |     2 |      0 |      0 |            0 |
|         inputArea_target_buffercc                                                  |                                                                     BufferCC |          2 |          2 |       0 |    0 |     2 |      0 |      0 |            0 |
|     iArbiter_bmb_arbiter                                                           |                                                                   BmbArbiter |         18 |         18 |       0 |    0 |     3 |      0 |      0 |            0 |
|       memory_arbiter                                                               |                                                                StreamArbiter |         18 |         18 |       0 |    0 |     3 |      0 |      0 |            0 |
|     peripheralBridge_bmb_arbiter                                                   |                                                                 BmbArbiter_2 |        148 |        148 |       0 |    0 |     3 |      0 |      0 |            0 |
|       memory_arbiter                                                               |                                                              StreamArbiter_4 |        148 |        148 |       0 |    0 |     3 |      0 |      0 |            0 |
|     peripheralBridge_logic                                                         |                                                                BmbToWishbone |       2015 |       2015 |       0 |    0 |   494 |      0 |      0 |            0 |
|     plicWishboneBridge_logic_bridge                                                |                                                              WishboneToBmb_2 |          0 |          0 |       0 |    0 |     1 |      0 |      0 |            0 |
|     smp_exclusiveMonitor_logic                                                     |                                                          BmbExclusiveMonitor |        207 |        207 |       0 |    0 |   182 |      0 |      0 |            0 |
|       (smp_exclusiveMonitor_logic)                                                 |                                                          BmbExclusiveMonitor |        108 |        108 |       0 |    0 |   176 |      0 |      0 |            0 |
|       logic_cmdArbiter                                                             |                                                              StreamArbiter_2 |         35 |         35 |       0 |    0 |     3 |      0 |      0 |            0 |
|       logic_exclusiveReadArbiter                                                   |                                                              StreamArbiter_1 |         64 |         64 |       0 |    0 |     3 |      0 |      0 |            0 |
|     smp_invalidationMonitor_logic                                                  |                                                         BmbInvalidateMonitor |         34 |         30 |       4 |    0 |    18 |      0 |      0 |            0 |
|       (smp_invalidationMonitor_logic)                                              |                                                         BmbInvalidateMonitor |         10 |         10 |       0 |    0 |     6 |      0 |      0 |            0 |
|       rspLogic_rspToSyncFiltred_s2mPipe_fifo                                       |                                                                   StreamFifo |         24 |         20 |       4 |    0 |    12 |      0 |      0 |            0 |
+------------------------------------------------------------------------------------+------------------------------------------------------------------------------+------------+------------+---------+------+-------+--------+--------+--------------+


